2019-04-30 16:52:57  [ main:0 ] - [ INFO ]  ProducerConfig values: 
	acks = all
	batch.size = 16384
	bootstrap.servers = [www.boboc.club:9092, www.boboc.club:9093, www.boboc.club:9094]
	buffer.memory = 33554432
	client.dns.lookup = default
	client.id = 
	compression.type = none
	connections.max.idle.ms = 540000
	delivery.timeout.ms = 120000
	enable.idempotence = false
	interceptor.classes = []
	key.serializer = class org.apache.kafka.common.serialization.StringSerializer
	linger.ms = 0
	max.block.ms = 60000
	max.in.flight.requests.per.connection = 5
	max.request.size = 1048576
	metadata.max.age.ms = 300000
	metric.reporters = []
	metrics.num.samples = 2
	metrics.recording.level = INFO
	metrics.sample.window.ms = 30000
	partitioner.class = class org.apache.kafka.clients.producer.internals.DefaultPartitioner
	receive.buffer.bytes = 32768
	reconnect.backoff.max.ms = 1000
	reconnect.backoff.ms = 50
	request.timeout.ms = 30000
	retries = 2147483647
	retry.backoff.ms = 100
	sasl.client.callback.handler.class = null
	sasl.jaas.config = null
	sasl.kerberos.kinit.cmd = /usr/bin/kinit
	sasl.kerberos.min.time.before.relogin = 60000
	sasl.kerberos.service.name = null
	sasl.kerberos.ticket.renew.jitter = 0.05
	sasl.kerberos.ticket.renew.window.factor = 0.8
	sasl.login.callback.handler.class = null
	sasl.login.class = null
	sasl.login.refresh.buffer.seconds = 300
	sasl.login.refresh.min.period.seconds = 60
	sasl.login.refresh.window.factor = 0.8
	sasl.login.refresh.window.jitter = 0.05
	sasl.mechanism = GSSAPI
	security.protocol = PLAINTEXT
	send.buffer.bytes = 131072
	ssl.cipher.suites = null
	ssl.enabled.protocols = [TLSv1.2, TLSv1.1, TLSv1]
	ssl.endpoint.identification.algorithm = https
	ssl.key.password = null
	ssl.keymanager.algorithm = SunX509
	ssl.keystore.location = null
	ssl.keystore.password = null
	ssl.keystore.type = JKS
	ssl.protocol = TLS
	ssl.provider = null
	ssl.secure.random.implementation = null
	ssl.trustmanager.algorithm = PKIX
	ssl.truststore.location = null
	ssl.truststore.password = null
	ssl.truststore.type = JKS
	transaction.timeout.ms = 60000
	transactional.id = null
	value.serializer = class org.apache.kafka.common.serialization.StringSerializer

  2019-04-30 16:52:57  [ main:376 ] - [ INFO ]  Kafka version: 2.2.0
  2019-04-30 16:52:57  [ main:376 ] - [ INFO ]  Kafka commitId: 05fcfde8f69b0349
  2019-04-30 16:52:57  [ kafka-producer-network-thread | producer-1:942 ] - [ INFO ]  Cluster ID: 0VtjZ_ZORdOnw42ccibRzA
  2019-04-30 16:52:57  [ main:996 ] - [ INFO ]  0
  2019-04-30 16:52:57  [ main:996 ] - [ INFO ]  1
  2019-04-30 16:52:57  [ main:997 ] - [ INFO ]  2
  2019-04-30 16:52:57  [ main:997 ] - [ INFO ]  3
  2019-04-30 16:52:57  [ main:997 ] - [ INFO ]  4
  2019-04-30 16:52:57  [ main:998 ] - [ INFO ]  5
  2019-04-30 16:52:57  [ main:998 ] - [ INFO ]  6
  2019-04-30 16:52:57  [ main:998 ] - [ INFO ]  7
  2019-04-30 16:52:58  [ main:999 ] - [ INFO ]  8
  2019-04-30 16:52:58  [ main:999 ] - [ INFO ]  9
  2019-04-30 16:52:58  [ main:999 ] - [ INFO ]  10
  2019-04-30 16:52:58  [ main:999 ] - [ INFO ]  11
  2019-04-30 16:52:58  [ main:1000 ] - [ INFO ]  12
  2019-04-30 16:52:58  [ main:1000 ] - [ INFO ]  13
  2019-04-30 16:52:58  [ main:1000 ] - [ INFO ]  14
  2019-04-30 16:52:58  [ main:1000 ] - [ INFO ]  15
  2019-04-30 16:52:58  [ main:1001 ] - [ INFO ]  16
  2019-04-30 16:52:58  [ main:1001 ] - [ INFO ]  17
  2019-04-30 16:52:58  [ main:1001 ] - [ INFO ]  18
  2019-04-30 16:52:58  [ main:1001 ] - [ INFO ]  19
  2019-04-30 16:52:58  [ main:1002 ] - [ INFO ]  20
  2019-04-30 16:52:58  [ main:1002 ] - [ INFO ]  21
  2019-04-30 16:52:58  [ main:1002 ] - [ INFO ]  22
  2019-04-30 16:52:58  [ main:1003 ] - [ INFO ]  23
  2019-04-30 16:52:58  [ main:1003 ] - [ INFO ]  24
  2019-04-30 16:52:58  [ main:1003 ] - [ INFO ]  25
  2019-04-30 16:52:58  [ main:1003 ] - [ INFO ]  26
  2019-04-30 16:52:58  [ main:1004 ] - [ INFO ]  27
  2019-04-30 16:52:58  [ main:1004 ] - [ INFO ]  28
  2019-04-30 16:52:58  [ main:1004 ] - [ INFO ]  29
  2019-04-30 16:52:58  [ main:1004 ] - [ INFO ]  30
  2019-04-30 16:52:58  [ main:1005 ] - [ INFO ]  31
  2019-04-30 16:52:58  [ main:1005 ] - [ INFO ]  32
  2019-04-30 16:52:58  [ main:1005 ] - [ INFO ]  33
  2019-04-30 16:52:58  [ main:1005 ] - [ INFO ]  34
  2019-04-30 16:52:58  [ main:1006 ] - [ INFO ]  35
  2019-04-30 16:52:58  [ main:1006 ] - [ INFO ]  36
  2019-04-30 16:52:58  [ main:1006 ] - [ INFO ]  37
  2019-04-30 16:52:58  [ main:1006 ] - [ INFO ]  38
  2019-04-30 16:52:58  [ main:1007 ] - [ INFO ]  39
  2019-04-30 16:52:58  [ main:1007 ] - [ INFO ]  40
  2019-04-30 16:52:58  [ main:1007 ] - [ INFO ]  41
  2019-04-30 16:52:58  [ main:1008 ] - [ INFO ]  42
  2019-04-30 16:52:58  [ main:1008 ] - [ INFO ]  43
  2019-04-30 16:52:58  [ main:1008 ] - [ INFO ]  44
  2019-04-30 16:52:58  [ main:1009 ] - [ INFO ]  45
  2019-04-30 16:52:58  [ main:1009 ] - [ INFO ]  46
  2019-04-30 16:52:58  [ main:1009 ] - [ INFO ]  47
  2019-04-30 16:52:58  [ main:1009 ] - [ INFO ]  48
  2019-04-30 16:52:58  [ main:1010 ] - [ INFO ]  49
  2019-04-30 16:52:58  [ main:1010 ] - [ INFO ]  50
  2019-04-30 16:52:58  [ main:1010 ] - [ INFO ]  51
  2019-04-30 16:52:58  [ main:1010 ] - [ INFO ]  52
  2019-04-30 16:52:58  [ main:1011 ] - [ INFO ]  53
  2019-04-30 16:52:58  [ main:1011 ] - [ INFO ]  54
  2019-04-30 16:52:58  [ main:1011 ] - [ INFO ]  55
  2019-04-30 16:52:58  [ main:1011 ] - [ INFO ]  56
  2019-04-30 16:52:58  [ main:1012 ] - [ INFO ]  57
  2019-04-30 16:52:58  [ main:1012 ] - [ INFO ]  58
  2019-04-30 16:52:58  [ main:1012 ] - [ INFO ]  59
  2019-04-30 16:52:58  [ main:1012 ] - [ INFO ]  60
  2019-04-30 16:52:58  [ main:1013 ] - [ INFO ]  61
  2019-04-30 16:52:58  [ main:1013 ] - [ INFO ]  62
  2019-04-30 16:52:58  [ main:1013 ] - [ INFO ]  63
  2019-04-30 16:52:58  [ main:1014 ] - [ INFO ]  64
  2019-04-30 16:52:58  [ main:1014 ] - [ INFO ]  65
  2019-04-30 16:52:58  [ main:1014 ] - [ INFO ]  66
  2019-04-30 16:52:58  [ main:1014 ] - [ INFO ]  67
  2019-04-30 16:52:58  [ main:1015 ] - [ INFO ]  68
  2019-04-30 16:52:58  [ main:1015 ] - [ INFO ]  69
  2019-04-30 16:52:58  [ main:1015 ] - [ INFO ]  70
  2019-04-30 16:52:58  [ main:1015 ] - [ INFO ]  71
  2019-04-30 16:52:58  [ main:1016 ] - [ INFO ]  72
  2019-04-30 16:52:58  [ main:1016 ] - [ INFO ]  73
  2019-04-30 16:52:58  [ main:1016 ] - [ INFO ]  74
  2019-04-30 16:52:58  [ main:1016 ] - [ INFO ]  75
  2019-04-30 16:52:58  [ main:1017 ] - [ INFO ]  76
  2019-04-30 16:52:58  [ main:1017 ] - [ INFO ]  77
  2019-04-30 16:52:58  [ main:1017 ] - [ INFO ]  78
  2019-04-30 16:52:58  [ main:1017 ] - [ INFO ]  79
  2019-04-30 16:52:58  [ main:1018 ] - [ INFO ]  80
  2019-04-30 16:52:58  [ main:1018 ] - [ INFO ]  81
  2019-04-30 16:52:58  [ main:1019 ] - [ INFO ]  82
  2019-04-30 16:52:58  [ main:1019 ] - [ INFO ]  83
  2019-04-30 16:52:58  [ main:1019 ] - [ INFO ]  84
  2019-04-30 16:52:58  [ main:1020 ] - [ INFO ]  85
  2019-04-30 16:52:58  [ main:1020 ] - [ INFO ]  86
  2019-04-30 16:52:58  [ main:1020 ] - [ INFO ]  87
  2019-04-30 16:52:58  [ main:1021 ] - [ INFO ]  88
  2019-04-30 16:52:58  [ main:1021 ] - [ INFO ]  89
  2019-04-30 16:52:58  [ main:1021 ] - [ INFO ]  90
  2019-04-30 16:52:58  [ main:1021 ] - [ INFO ]  91
  2019-04-30 16:52:58  [ main:1021 ] - [ INFO ]  92
  2019-04-30 16:52:58  [ main:1022 ] - [ INFO ]  93
  2019-04-30 16:52:58  [ main:1022 ] - [ INFO ]  94
  2019-04-30 16:52:58  [ main:1022 ] - [ INFO ]  95
  2019-04-30 16:52:58  [ main:1022 ] - [ INFO ]  96
  2019-04-30 16:52:58  [ main:1023 ] - [ INFO ]  97
  2019-04-30 16:52:58  [ main:1023 ] - [ INFO ]  98
  2019-04-30 16:52:58  [ main:1023 ] - [ INFO ]  99
  2019-04-30 16:52:58  [ main:1023 ] - [ INFO ]  100
  2019-04-30 16:52:58  [ main:1023 ] - [ INFO ]  101
  2019-04-30 16:52:58  [ main:1024 ] - [ INFO ]  102
  2019-04-30 16:52:58  [ main:1024 ] - [ INFO ]  103
  2019-04-30 16:52:58  [ main:1024 ] - [ INFO ]  104
  2019-04-30 16:52:58  [ main:1024 ] - [ INFO ]  105
  2019-04-30 16:52:58  [ main:1024 ] - [ INFO ]  106
  2019-04-30 16:52:58  [ main:1025 ] - [ INFO ]  107
  2019-04-30 16:52:58  [ main:1025 ] - [ INFO ]  108
  2019-04-30 16:52:58  [ main:1025 ] - [ INFO ]  109
  2019-04-30 16:52:58  [ main:1025 ] - [ INFO ]  110
  2019-04-30 16:52:58  [ main:1026 ] - [ INFO ]  111
  2019-04-30 16:52:58  [ main:1026 ] - [ INFO ]  112
  2019-04-30 16:52:58  [ main:1026 ] - [ INFO ]  113
  2019-04-30 16:52:58  [ main:1026 ] - [ INFO ]  114
  2019-04-30 16:52:58  [ main:1027 ] - [ INFO ]  115
  2019-04-30 16:52:58  [ main:1027 ] - [ INFO ]  116
  2019-04-30 16:52:58  [ main:1027 ] - [ INFO ]  117
  2019-04-30 16:52:58  [ main:1027 ] - [ INFO ]  118
  2019-04-30 16:52:58  [ main:1028 ] - [ INFO ]  119
  2019-04-30 16:52:58  [ main:1028 ] - [ INFO ]  120
  2019-04-30 16:52:58  [ main:1028 ] - [ INFO ]  121
  2019-04-30 16:52:58  [ main:1028 ] - [ INFO ]  122
  2019-04-30 16:52:58  [ main:1029 ] - [ INFO ]  123
  2019-04-30 16:52:58  [ main:1029 ] - [ INFO ]  124
  2019-04-30 16:52:58  [ main:1030 ] - [ INFO ]  125
  2019-04-30 16:52:58  [ main:1030 ] - [ INFO ]  126
  2019-04-30 16:52:58  [ main:1031 ] - [ INFO ]  127
  2019-04-30 16:52:58  [ main:1031 ] - [ INFO ]  128
  2019-04-30 16:52:58  [ main:1031 ] - [ INFO ]  129
  2019-04-30 16:52:58  [ main:1031 ] - [ INFO ]  130
  2019-04-30 16:52:58  [ main:1032 ] - [ INFO ]  131
  2019-04-30 16:52:58  [ main:1032 ] - [ INFO ]  132
  2019-04-30 16:52:58  [ main:1032 ] - [ INFO ]  133
  2019-04-30 16:52:58  [ main:1032 ] - [ INFO ]  134
  2019-04-30 16:52:58  [ main:1032 ] - [ INFO ]  135
  2019-04-30 16:52:58  [ main:1033 ] - [ INFO ]  136
  2019-04-30 16:52:58  [ main:1033 ] - [ INFO ]  137
  2019-04-30 16:52:58  [ main:1033 ] - [ INFO ]  138
  2019-04-30 16:52:58  [ main:1033 ] - [ INFO ]  139
  2019-04-30 16:52:58  [ main:1033 ] - [ INFO ]  140
  2019-04-30 16:52:58  [ main:1034 ] - [ INFO ]  141
  2019-04-30 16:52:58  [ main:1034 ] - [ INFO ]  142
  2019-04-30 16:52:58  [ main:1034 ] - [ INFO ]  143
  2019-04-30 16:52:58  [ main:1034 ] - [ INFO ]  144
  2019-04-30 16:52:58  [ main:1034 ] - [ INFO ]  145
  2019-04-30 16:52:58  [ main:1035 ] - [ INFO ]  146
  2019-04-30 16:52:58  [ main:1035 ] - [ INFO ]  147
  2019-04-30 16:52:58  [ main:1035 ] - [ INFO ]  148
  2019-04-30 16:52:58  [ main:1035 ] - [ INFO ]  149
  2019-04-30 16:52:58  [ main:1035 ] - [ INFO ]  150
  2019-04-30 16:52:58  [ main:1036 ] - [ INFO ]  151
  2019-04-30 16:52:58  [ main:1036 ] - [ INFO ]  152
  2019-04-30 16:52:58  [ main:1036 ] - [ INFO ]  153
  2019-04-30 16:52:58  [ main:1036 ] - [ INFO ]  154
  2019-04-30 16:52:58  [ main:1037 ] - [ INFO ]  155
  2019-04-30 16:52:58  [ main:1037 ] - [ INFO ]  156
  2019-04-30 16:52:58  [ main:1037 ] - [ INFO ]  157
  2019-04-30 16:52:58  [ main:1037 ] - [ INFO ]  158
  2019-04-30 16:52:58  [ main:1037 ] - [ INFO ]  159
  2019-04-30 16:52:58  [ main:1038 ] - [ INFO ]  160
  2019-04-30 16:52:58  [ main:1038 ] - [ INFO ]  161
  2019-04-30 16:52:58  [ main:1038 ] - [ INFO ]  162
  2019-04-30 16:52:58  [ main:1038 ] - [ INFO ]  163
  2019-04-30 16:52:58  [ main:1038 ] - [ INFO ]  164
  2019-04-30 16:52:58  [ main:1039 ] - [ INFO ]  165
  2019-04-30 16:52:58  [ main:1039 ] - [ INFO ]  166
  2019-04-30 16:52:58  [ main:1039 ] - [ INFO ]  167
  2019-04-30 16:52:58  [ main:1039 ] - [ INFO ]  168
  2019-04-30 16:52:58  [ main:1039 ] - [ INFO ]  169
  2019-04-30 16:52:58  [ main:1040 ] - [ INFO ]  170
  2019-04-30 16:52:58  [ main:1040 ] - [ INFO ]  171
  2019-04-30 16:52:58  [ main:1040 ] - [ INFO ]  172
  2019-04-30 16:52:58  [ main:1040 ] - [ INFO ]  173
  2019-04-30 16:52:58  [ main:1040 ] - [ INFO ]  174
  2019-04-30 16:52:58  [ main:1041 ] - [ INFO ]  175
  2019-04-30 16:52:58  [ main:1041 ] - [ INFO ]  176
  2019-04-30 16:52:58  [ main:1041 ] - [ INFO ]  177
  2019-04-30 16:52:58  [ main:1041 ] - [ INFO ]  178
  2019-04-30 16:52:58  [ main:1042 ] - [ INFO ]  179
  2019-04-30 16:52:58  [ main:1042 ] - [ INFO ]  180
  2019-04-30 16:52:58  [ main:1042 ] - [ INFO ]  181
  2019-04-30 16:52:58  [ main:1042 ] - [ INFO ]  182
  2019-04-30 16:52:58  [ main:1042 ] - [ INFO ]  183
  2019-04-30 16:52:58  [ main:1043 ] - [ INFO ]  184
  2019-04-30 16:52:58  [ main:1043 ] - [ INFO ]  185
  2019-04-30 16:52:58  [ main:1043 ] - [ INFO ]  186
  2019-04-30 16:52:58  [ main:1043 ] - [ INFO ]  187
  2019-04-30 16:52:58  [ main:1044 ] - [ INFO ]  188
  2019-04-30 16:52:58  [ main:1044 ] - [ INFO ]  189
  2019-04-30 16:52:58  [ main:1044 ] - [ INFO ]  190
  2019-04-30 16:52:58  [ main:1044 ] - [ INFO ]  191
  2019-04-30 16:52:58  [ main:1045 ] - [ INFO ]  192
  2019-04-30 16:52:58  [ main:1045 ] - [ INFO ]  193
  2019-04-30 16:52:58  [ main:1045 ] - [ INFO ]  194
  2019-04-30 16:52:58  [ main:1045 ] - [ INFO ]  195
  2019-04-30 16:52:58  [ main:1045 ] - [ INFO ]  196
  2019-04-30 16:52:58  [ main:1046 ] - [ INFO ]  197
  2019-04-30 16:52:58  [ main:1046 ] - [ INFO ]  198
  2019-04-30 16:52:58  [ main:1046 ] - [ INFO ]  199
  2019-04-30 16:52:58  [ main:1046 ] - [ INFO ]  200
  2019-04-30 16:52:58  [ main:1046 ] - [ INFO ]  201
  2019-04-30 16:52:58  [ main:1047 ] - [ INFO ]  202
  2019-04-30 16:52:58  [ main:1047 ] - [ INFO ]  203
  2019-04-30 16:52:58  [ main:1047 ] - [ INFO ]  204
  2019-04-30 16:52:58  [ main:1047 ] - [ INFO ]  205
  2019-04-30 16:52:58  [ main:1048 ] - [ INFO ]  206
  2019-04-30 16:52:58  [ main:1048 ] - [ INFO ]  207
  2019-04-30 16:52:58  [ main:1048 ] - [ INFO ]  208
  2019-04-30 16:52:58  [ main:1048 ] - [ INFO ]  209
  2019-04-30 16:52:58  [ main:1048 ] - [ INFO ]  210
  2019-04-30 16:52:58  [ main:1049 ] - [ INFO ]  211
  2019-04-30 16:52:58  [ main:1049 ] - [ INFO ]  212
  2019-04-30 16:52:58  [ main:1049 ] - [ INFO ]  213
  2019-04-30 16:52:58  [ main:1049 ] - [ INFO ]  214
  2019-04-30 16:52:58  [ main:1049 ] - [ INFO ]  215
  2019-04-30 16:52:58  [ main:1050 ] - [ INFO ]  216
  2019-04-30 16:52:58  [ main:1050 ] - [ INFO ]  217
  2019-04-30 16:52:58  [ main:1050 ] - [ INFO ]  218
  2019-04-30 16:52:58  [ main:1050 ] - [ INFO ]  219
  2019-04-30 16:52:58  [ main:1050 ] - [ INFO ]  220
  2019-04-30 16:52:58  [ main:1051 ] - [ INFO ]  221
  2019-04-30 16:52:58  [ main:1051 ] - [ INFO ]  222
  2019-04-30 16:52:58  [ main:1051 ] - [ INFO ]  223
  2019-04-30 16:52:58  [ main:1052 ] - [ INFO ]  224
  2019-04-30 16:52:58  [ main:1052 ] - [ INFO ]  225
  2019-04-30 16:52:58  [ main:1052 ] - [ INFO ]  226
  2019-04-30 16:52:58  [ main:1052 ] - [ INFO ]  227
  2019-04-30 16:52:58  [ main:1052 ] - [ INFO ]  228
  2019-04-30 16:52:58  [ main:1053 ] - [ INFO ]  229
  2019-04-30 16:52:58  [ main:1053 ] - [ INFO ]  230
  2019-04-30 16:52:58  [ main:1053 ] - [ INFO ]  231
  2019-04-30 16:52:58  [ main:1053 ] - [ INFO ]  232
  2019-04-30 16:52:58  [ main:1053 ] - [ INFO ]  233
  2019-04-30 16:52:58  [ main:1054 ] - [ INFO ]  234
  2019-04-30 16:52:58  [ main:1054 ] - [ INFO ]  235
  2019-04-30 16:52:58  [ main:1054 ] - [ INFO ]  236
  2019-04-30 16:52:58  [ main:1055 ] - [ INFO ]  237
  2019-04-30 16:52:58  [ main:1055 ] - [ INFO ]  238
  2019-04-30 16:52:58  [ main:1055 ] - [ INFO ]  239
  2019-04-30 16:52:58  [ main:1055 ] - [ INFO ]  240
  2019-04-30 16:52:58  [ main:1056 ] - [ INFO ]  241
  2019-04-30 16:52:58  [ main:1056 ] - [ INFO ]  242
  2019-04-30 16:52:58  [ main:1056 ] - [ INFO ]  243
  2019-04-30 16:52:58  [ main:1057 ] - [ INFO ]  244
  2019-04-30 16:52:58  [ main:1057 ] - [ INFO ]  245
  2019-04-30 16:52:58  [ main:1057 ] - [ INFO ]  246
  2019-04-30 16:52:58  [ main:1057 ] - [ INFO ]  247
  2019-04-30 16:52:58  [ main:1058 ] - [ INFO ]  248
  2019-04-30 16:52:58  [ main:1058 ] - [ INFO ]  249
  2019-04-30 16:52:58  [ main:1058 ] - [ INFO ]  250
  2019-04-30 16:52:58  [ main:1058 ] - [ INFO ]  251
  2019-04-30 16:52:58  [ main:1058 ] - [ INFO ]  252
  2019-04-30 16:52:58  [ main:1059 ] - [ INFO ]  253
  2019-04-30 16:52:58  [ main:1059 ] - [ INFO ]  254
  2019-04-30 16:52:58  [ main:1059 ] - [ INFO ]  255
  2019-04-30 16:52:58  [ main:1059 ] - [ INFO ]  256
  2019-04-30 16:52:58  [ main:1059 ] - [ INFO ]  257
  2019-04-30 16:52:58  [ main:1059 ] - [ INFO ]  258
  2019-04-30 16:52:58  [ main:1060 ] - [ INFO ]  259
  2019-04-30 16:52:58  [ main:1060 ] - [ INFO ]  260
  2019-04-30 16:52:58  [ main:1060 ] - [ INFO ]  261
  2019-04-30 16:52:58  [ main:1060 ] - [ INFO ]  262
  2019-04-30 16:52:58  [ main:1060 ] - [ INFO ]  263
  2019-04-30 16:52:58  [ main:1061 ] - [ INFO ]  264
  2019-04-30 16:52:58  [ main:1061 ] - [ INFO ]  265
  2019-04-30 16:52:58  [ main:1061 ] - [ INFO ]  266
  2019-04-30 16:52:58  [ main:1061 ] - [ INFO ]  267
  2019-04-30 16:52:58  [ main:1061 ] - [ INFO ]  268
  2019-04-30 16:52:58  [ main:1062 ] - [ INFO ]  269
  2019-04-30 16:52:58  [ main:1062 ] - [ INFO ]  270
  2019-04-30 16:52:58  [ main:1062 ] - [ INFO ]  271
  2019-04-30 16:52:58  [ main:1062 ] - [ INFO ]  272
  2019-04-30 16:52:58  [ main:1063 ] - [ INFO ]  273
  2019-04-30 16:52:58  [ main:1063 ] - [ INFO ]  274
  2019-04-30 16:52:58  [ main:1063 ] - [ INFO ]  275
  2019-04-30 16:52:58  [ main:1063 ] - [ INFO ]  276
  2019-04-30 16:52:58  [ main:1063 ] - [ INFO ]  277
  2019-04-30 16:52:58  [ main:1064 ] - [ INFO ]  278
  2019-04-30 16:52:58  [ main:1064 ] - [ INFO ]  279
  2019-04-30 16:52:58  [ main:1064 ] - [ INFO ]  280
  2019-04-30 16:52:58  [ main:1064 ] - [ INFO ]  281
  2019-04-30 16:52:58  [ main:1064 ] - [ INFO ]  282
  2019-04-30 16:52:58  [ main:1064 ] - [ INFO ]  283
  2019-04-30 16:52:58  [ main:1065 ] - [ INFO ]  284
  2019-04-30 16:52:58  [ main:1065 ] - [ INFO ]  285
  2019-04-30 16:52:58  [ main:1065 ] - [ INFO ]  286
  2019-04-30 16:52:58  [ main:1066 ] - [ INFO ]  287
  2019-04-30 16:52:58  [ main:1066 ] - [ INFO ]  288
  2019-04-30 16:52:58  [ main:1066 ] - [ INFO ]  289
  2019-04-30 16:52:58  [ main:1066 ] - [ INFO ]  290
  2019-04-30 16:52:58  [ main:1066 ] - [ INFO ]  291
  2019-04-30 16:52:58  [ main:1067 ] - [ INFO ]  292
  2019-04-30 16:52:58  [ main:1067 ] - [ INFO ]  293
  2019-04-30 16:52:58  [ main:1067 ] - [ INFO ]  294
  2019-04-30 16:52:58  [ main:1067 ] - [ INFO ]  295
  2019-04-30 16:52:58  [ main:1067 ] - [ INFO ]  296
  2019-04-30 16:52:58  [ main:1067 ] - [ INFO ]  297
  2019-04-30 16:52:58  [ main:1068 ] - [ INFO ]  298
  2019-04-30 16:52:58  [ main:1068 ] - [ INFO ]  299
  2019-04-30 16:52:58  [ main:1068 ] - [ INFO ]  300
  2019-04-30 16:52:58  [ main:1068 ] - [ INFO ]  301
  2019-04-30 16:52:58  [ main:1068 ] - [ INFO ]  302
  2019-04-30 16:52:58  [ main:1068 ] - [ INFO ]  303
  2019-04-30 16:52:58  [ main:1068 ] - [ INFO ]  304
  2019-04-30 16:52:58  [ main:1069 ] - [ INFO ]  305
  2019-04-30 16:52:58  [ main:1069 ] - [ INFO ]  306
  2019-04-30 16:52:58  [ main:1069 ] - [ INFO ]  307
  2019-04-30 16:52:58  [ main:1069 ] - [ INFO ]  308
  2019-04-30 16:52:58  [ main:1069 ] - [ INFO ]  309
  2019-04-30 16:52:58  [ main:1069 ] - [ INFO ]  310
  2019-04-30 16:52:58  [ main:1070 ] - [ INFO ]  311
  2019-04-30 16:52:58  [ main:1070 ] - [ INFO ]  312
  2019-04-30 16:52:58  [ main:1070 ] - [ INFO ]  313
  2019-04-30 16:52:58  [ main:1070 ] - [ INFO ]  314
  2019-04-30 16:52:58  [ main:1070 ] - [ INFO ]  315
  2019-04-30 16:52:58  [ main:1070 ] - [ INFO ]  316
  2019-04-30 16:52:58  [ main:1071 ] - [ INFO ]  317
  2019-04-30 16:52:58  [ main:1071 ] - [ INFO ]  318
  2019-04-30 16:52:58  [ main:1071 ] - [ INFO ]  319
  2019-04-30 16:52:58  [ main:1071 ] - [ INFO ]  320
  2019-04-30 16:52:58  [ main:1072 ] - [ INFO ]  321
  2019-04-30 16:52:58  [ main:1072 ] - [ INFO ]  322
  2019-04-30 16:52:58  [ main:1072 ] - [ INFO ]  323
  2019-04-30 16:52:58  [ main:1073 ] - [ INFO ]  324
  2019-04-30 16:52:58  [ main:1073 ] - [ INFO ]  325
  2019-04-30 16:52:58  [ main:1073 ] - [ INFO ]  326
  2019-04-30 16:52:58  [ main:1073 ] - [ INFO ]  327
  2019-04-30 16:52:58  [ main:1073 ] - [ INFO ]  328
  2019-04-30 16:52:58  [ main:1074 ] - [ INFO ]  329
  2019-04-30 16:52:58  [ main:1074 ] - [ INFO ]  330
  2019-04-30 16:52:58  [ main:1074 ] - [ INFO ]  331
  2019-04-30 16:52:58  [ main:1074 ] - [ INFO ]  332
  2019-04-30 16:52:58  [ main:1074 ] - [ INFO ]  333
  2019-04-30 16:52:58  [ main:1075 ] - [ INFO ]  334
  2019-04-30 16:52:58  [ main:1075 ] - [ INFO ]  335
  2019-04-30 16:52:58  [ main:1075 ] - [ INFO ]  336
  2019-04-30 16:52:58  [ main:1075 ] - [ INFO ]  337
  2019-04-30 16:52:58  [ main:1075 ] - [ INFO ]  338
  2019-04-30 16:52:58  [ main:1076 ] - [ INFO ]  339
  2019-04-30 16:52:58  [ main:1076 ] - [ INFO ]  340
  2019-04-30 16:52:58  [ main:1076 ] - [ INFO ]  341
  2019-04-30 16:52:58  [ main:1076 ] - [ INFO ]  342
  2019-04-30 16:52:58  [ main:1076 ] - [ INFO ]  343
  2019-04-30 16:52:58  [ main:1076 ] - [ INFO ]  344
  2019-04-30 16:52:58  [ main:1077 ] - [ INFO ]  345
  2019-04-30 16:52:58  [ main:1077 ] - [ INFO ]  346
  2019-04-30 16:52:58  [ main:1077 ] - [ INFO ]  347
  2019-04-30 16:52:58  [ main:1077 ] - [ INFO ]  348
  2019-04-30 16:52:58  [ main:1078 ] - [ INFO ]  349
  2019-04-30 16:52:58  [ main:1078 ] - [ INFO ]  350
  2019-04-30 16:52:58  [ main:1078 ] - [ INFO ]  351
  2019-04-30 16:52:58  [ main:1078 ] - [ INFO ]  352
  2019-04-30 16:52:58  [ main:1078 ] - [ INFO ]  353
  2019-04-30 16:52:58  [ main:1078 ] - [ INFO ]  354
  2019-04-30 16:52:58  [ main:1079 ] - [ INFO ]  355
  2019-04-30 16:52:58  [ main:1079 ] - [ INFO ]  356
  2019-04-30 16:52:58  [ main:1079 ] - [ INFO ]  357
  2019-04-30 16:52:58  [ main:1079 ] - [ INFO ]  358
  2019-04-30 16:52:58  [ main:1079 ] - [ INFO ]  359
  2019-04-30 16:52:58  [ main:1079 ] - [ INFO ]  360
  2019-04-30 16:52:58  [ main:1080 ] - [ INFO ]  361
  2019-04-30 16:52:58  [ main:1080 ] - [ INFO ]  362
  2019-04-30 16:52:58  [ main:1080 ] - [ INFO ]  363
  2019-04-30 16:52:58  [ main:1080 ] - [ INFO ]  364
  2019-04-30 16:52:58  [ main:1080 ] - [ INFO ]  365
  2019-04-30 16:52:58  [ main:1080 ] - [ INFO ]  366
  2019-04-30 16:52:58  [ main:1081 ] - [ INFO ]  367
  2019-04-30 16:52:58  [ main:1081 ] - [ INFO ]  368
  2019-04-30 16:52:58  [ main:1081 ] - [ INFO ]  369
  2019-04-30 16:52:58  [ main:1081 ] - [ INFO ]  370
  2019-04-30 16:52:58  [ main:1081 ] - [ INFO ]  371
  2019-04-30 16:52:58  [ main:1081 ] - [ INFO ]  372
  2019-04-30 16:52:58  [ main:1081 ] - [ INFO ]  373
  2019-04-30 16:52:58  [ main:1082 ] - [ INFO ]  374
  2019-04-30 16:52:58  [ main:1082 ] - [ INFO ]  375
  2019-04-30 16:52:58  [ main:1082 ] - [ INFO ]  376
  2019-04-30 16:52:58  [ main:1082 ] - [ INFO ]  377
  2019-04-30 16:52:58  [ main:1082 ] - [ INFO ]  378
  2019-04-30 16:52:58  [ main:1083 ] - [ INFO ]  379
  2019-04-30 16:52:58  [ main:1083 ] - [ INFO ]  380
  2019-04-30 16:52:58  [ main:1083 ] - [ INFO ]  381
  2019-04-30 16:52:58  [ main:1083 ] - [ INFO ]  382
  2019-04-30 16:52:58  [ main:1083 ] - [ INFO ]  383
  2019-04-30 16:52:58  [ main:1084 ] - [ INFO ]  384
  2019-04-30 16:52:58  [ main:1084 ] - [ INFO ]  385
  2019-04-30 16:52:58  [ main:1084 ] - [ INFO ]  386
  2019-04-30 16:52:58  [ main:1084 ] - [ INFO ]  387
  2019-04-30 16:52:58  [ main:1084 ] - [ INFO ]  388
  2019-04-30 16:52:58  [ main:1084 ] - [ INFO ]  389
  2019-04-30 16:52:58  [ main:1085 ] - [ INFO ]  390
  2019-04-30 16:52:58  [ main:1085 ] - [ INFO ]  391
  2019-04-30 16:52:58  [ main:1085 ] - [ INFO ]  392
  2019-04-30 16:52:58  [ main:1085 ] - [ INFO ]  393
  2019-04-30 16:52:58  [ main:1085 ] - [ INFO ]  394
  2019-04-30 16:52:58  [ main:1086 ] - [ INFO ]  395
  2019-04-30 16:52:58  [ main:1086 ] - [ INFO ]  396
  2019-04-30 16:52:58  [ main:1086 ] - [ INFO ]  397
  2019-04-30 16:52:58  [ main:1086 ] - [ INFO ]  398
  2019-04-30 16:52:58  [ main:1086 ] - [ INFO ]  399
  2019-04-30 16:52:58  [ main:1086 ] - [ INFO ]  400
  2019-04-30 16:52:58  [ main:1087 ] - [ INFO ]  401
  2019-04-30 16:52:58  [ main:1087 ] - [ INFO ]  402
  2019-04-30 16:52:58  [ main:1087 ] - [ INFO ]  403
  2019-04-30 16:52:58  [ main:1087 ] - [ INFO ]  404
  2019-04-30 16:52:58  [ main:1087 ] - [ INFO ]  405
  2019-04-30 16:52:58  [ main:1087 ] - [ INFO ]  406
  2019-04-30 16:52:58  [ main:1087 ] - [ INFO ]  407
  2019-04-30 16:52:58  [ main:1088 ] - [ INFO ]  408
  2019-04-30 16:52:58  [ main:1088 ] - [ INFO ]  409
  2019-04-30 16:52:58  [ main:1088 ] - [ INFO ]  410
  2019-04-30 16:52:58  [ main:1088 ] - [ INFO ]  411
  2019-04-30 16:52:58  [ main:1088 ] - [ INFO ]  412
  2019-04-30 16:52:58  [ main:1089 ] - [ INFO ]  413
  2019-04-30 16:52:58  [ main:1089 ] - [ INFO ]  414
  2019-04-30 16:52:58  [ main:1089 ] - [ INFO ]  415
  2019-04-30 16:52:58  [ main:1089 ] - [ INFO ]  416
  2019-04-30 16:52:58  [ main:1089 ] - [ INFO ]  417
  2019-04-30 16:52:58  [ main:1089 ] - [ INFO ]  418
  2019-04-30 16:52:58  [ main:1090 ] - [ INFO ]  419
  2019-04-30 16:52:58  [ main:1090 ] - [ INFO ]  420
  2019-04-30 16:52:58  [ main:1090 ] - [ INFO ]  421
  2019-04-30 16:52:58  [ main:1090 ] - [ INFO ]  422
  2019-04-30 16:52:58  [ main:1090 ] - [ INFO ]  423
  2019-04-30 16:52:58  [ main:1090 ] - [ INFO ]  424
  2019-04-30 16:52:58  [ main:1091 ] - [ INFO ]  425
  2019-04-30 16:52:58  [ main:1091 ] - [ INFO ]  426
  2019-04-30 16:52:58  [ main:1091 ] - [ INFO ]  427
  2019-04-30 16:52:58  [ main:1091 ] - [ INFO ]  428
  2019-04-30 16:52:58  [ main:1091 ] - [ INFO ]  429
  2019-04-30 16:52:58  [ main:1091 ] - [ INFO ]  430
  2019-04-30 16:52:58  [ main:1092 ] - [ INFO ]  431
  2019-04-30 16:52:58  [ main:1092 ] - [ INFO ]  432
  2019-04-30 16:52:58  [ main:1092 ] - [ INFO ]  433
  2019-04-30 16:52:58  [ main:1092 ] - [ INFO ]  434
  2019-04-30 16:52:58  [ main:1092 ] - [ INFO ]  435
  2019-04-30 16:52:58  [ main:1093 ] - [ INFO ]  436
  2019-04-30 16:52:58  [ main:1093 ] - [ INFO ]  437
  2019-04-30 16:52:58  [ main:1093 ] - [ INFO ]  438
  2019-04-30 16:52:58  [ main:1093 ] - [ INFO ]  439
  2019-04-30 16:52:58  [ main:1093 ] - [ INFO ]  440
  2019-04-30 16:52:58  [ main:1094 ] - [ INFO ]  441
  2019-04-30 16:52:58  [ main:1094 ] - [ INFO ]  442
  2019-04-30 16:52:58  [ main:1094 ] - [ INFO ]  443
  2019-04-30 16:52:58  [ main:1095 ] - [ INFO ]  444
  2019-04-30 16:52:58  [ main:1095 ] - [ INFO ]  445
  2019-04-30 16:52:58  [ main:1095 ] - [ INFO ]  446
  2019-04-30 16:52:58  [ main:1095 ] - [ INFO ]  447
  2019-04-30 16:52:58  [ main:1096 ] - [ INFO ]  448
  2019-04-30 16:52:58  [ main:1096 ] - [ INFO ]  449
  2019-04-30 16:52:58  [ main:1096 ] - [ INFO ]  450
  2019-04-30 16:52:58  [ main:1096 ] - [ INFO ]  451
  2019-04-30 16:52:58  [ main:1096 ] - [ INFO ]  452
  2019-04-30 16:52:58  [ main:1097 ] - [ INFO ]  453
  2019-04-30 16:52:58  [ main:1097 ] - [ INFO ]  454
  2019-04-30 16:52:58  [ main:1097 ] - [ INFO ]  455
  2019-04-30 16:52:58  [ main:1097 ] - [ INFO ]  456
  2019-04-30 16:52:58  [ main:1097 ] - [ INFO ]  457
  2019-04-30 16:52:58  [ main:1097 ] - [ INFO ]  458
  2019-04-30 16:52:58  [ main:1097 ] - [ INFO ]  459
  2019-04-30 16:52:58  [ main:1098 ] - [ INFO ]  460
  2019-04-30 16:52:58  [ main:1098 ] - [ INFO ]  461
  2019-04-30 16:52:58  [ main:1098 ] - [ INFO ]  462
  2019-04-30 16:52:58  [ main:1098 ] - [ INFO ]  463
  2019-04-30 16:52:58  [ main:1098 ] - [ INFO ]  464
  2019-04-30 16:52:58  [ main:1098 ] - [ INFO ]  465
  2019-04-30 16:52:58  [ main:1099 ] - [ INFO ]  466
  2019-04-30 16:52:58  [ main:1099 ] - [ INFO ]  467
  2019-04-30 16:52:58  [ main:1099 ] - [ INFO ]  468
  2019-04-30 16:52:58  [ main:1099 ] - [ INFO ]  469
  2019-04-30 16:52:58  [ main:1099 ] - [ INFO ]  470
  2019-04-30 16:52:58  [ main:1099 ] - [ INFO ]  471
  2019-04-30 16:52:58  [ main:1100 ] - [ INFO ]  472
  2019-04-30 16:52:58  [ main:1100 ] - [ INFO ]  473
  2019-04-30 16:52:58  [ main:1100 ] - [ INFO ]  474
  2019-04-30 16:52:58  [ main:1100 ] - [ INFO ]  475
  2019-04-30 16:52:58  [ main:1100 ] - [ INFO ]  476
  2019-04-30 16:52:58  [ main:1100 ] - [ INFO ]  477
  2019-04-30 16:52:58  [ main:1100 ] - [ INFO ]  478
  2019-04-30 16:52:58  [ main:1101 ] - [ INFO ]  479
  2019-04-30 16:52:58  [ main:1101 ] - [ INFO ]  480
  2019-04-30 16:52:58  [ main:1101 ] - [ INFO ]  481
  2019-04-30 16:52:58  [ main:1101 ] - [ INFO ]  482
  2019-04-30 16:52:58  [ main:1101 ] - [ INFO ]  483
  2019-04-30 16:52:58  [ main:1101 ] - [ INFO ]  484
  2019-04-30 16:52:58  [ main:1102 ] - [ INFO ]  485
  2019-04-30 16:52:58  [ main:1102 ] - [ INFO ]  486
  2019-04-30 16:52:58  [ main:1102 ] - [ INFO ]  487
  2019-04-30 16:52:58  [ main:1102 ] - [ INFO ]  488
  2019-04-30 16:52:58  [ main:1102 ] - [ INFO ]  489
  2019-04-30 16:52:58  [ main:1102 ] - [ INFO ]  490
  2019-04-30 16:52:58  [ main:1103 ] - [ INFO ]  491
  2019-04-30 16:52:58  [ main:1103 ] - [ INFO ]  492
  2019-04-30 16:52:58  [ main:1103 ] - [ INFO ]  493
  2019-04-30 16:52:58  [ main:1103 ] - [ INFO ]  494
  2019-04-30 16:52:58  [ main:1263 ] - [ INFO ]  495
  2019-04-30 16:52:58  [ main:1271 ] - [ INFO ]  496
  2019-04-30 16:52:58  [ main:1272 ] - [ INFO ]  497
  2019-04-30 16:52:58  [ main:1272 ] - [ INFO ]  498
  2019-04-30 16:52:58  [ main:1272 ] - [ INFO ]  499
  2019-04-30 16:52:58  [ main:1273 ] - [ INFO ]  500
  2019-04-30 16:52:58  [ main:1277 ] - [ INFO ]  501
  2019-04-30 16:52:58  [ main:1280 ] - [ INFO ]  502
  2019-04-30 16:52:58  [ main:1280 ] - [ INFO ]  503
  2019-04-30 16:52:58  [ main:1280 ] - [ INFO ]  504
  2019-04-30 16:52:58  [ main:1280 ] - [ INFO ]  505
  2019-04-30 16:52:58  [ main:1281 ] - [ INFO ]  506
  2019-04-30 16:52:58  [ main:1281 ] - [ INFO ]  507
  2019-04-30 16:52:58  [ main:1281 ] - [ INFO ]  508
  2019-04-30 16:52:58  [ main:1281 ] - [ INFO ]  509
  2019-04-30 16:52:58  [ main:1281 ] - [ INFO ]  510
  2019-04-30 16:52:58  [ main:1282 ] - [ INFO ]  511
  2019-04-30 16:52:58  [ main:1283 ] - [ INFO ]  512
  2019-04-30 16:52:58  [ main:1283 ] - [ INFO ]  513
  2019-04-30 16:52:58  [ main:1284 ] - [ INFO ]  514
  2019-04-30 16:52:58  [ main:1285 ] - [ INFO ]  515
  2019-04-30 16:52:58  [ main:1285 ] - [ INFO ]  516
  2019-04-30 16:52:58  [ main:1288 ] - [ INFO ]  517
  2019-04-30 16:52:58  [ main:1288 ] - [ INFO ]  518
  2019-04-30 16:52:58  [ main:1289 ] - [ INFO ]  519
  2019-04-30 16:52:58  [ main:1289 ] - [ INFO ]  520
  2019-04-30 16:52:58  [ main:1290 ] - [ INFO ]  521
  2019-04-30 16:52:58  [ main:1290 ] - [ INFO ]  522
  2019-04-30 16:52:58  [ main:1290 ] - [ INFO ]  523
  2019-04-30 16:52:58  [ main:1290 ] - [ INFO ]  524
  2019-04-30 16:52:58  [ main:1291 ] - [ INFO ]  525
  2019-04-30 16:52:58  [ main:1291 ] - [ INFO ]  526
  2019-04-30 16:52:58  [ main:1291 ] - [ INFO ]  527
  2019-04-30 16:52:58  [ main:1291 ] - [ INFO ]  528
  2019-04-30 16:52:58  [ main:1292 ] - [ INFO ]  529
  2019-04-30 16:52:58  [ main:1292 ] - [ INFO ]  530
  2019-04-30 16:52:58  [ main:1292 ] - [ INFO ]  531
  2019-04-30 16:52:58  [ main:1292 ] - [ INFO ]  532
  2019-04-30 16:52:58  [ main:1292 ] - [ INFO ]  533
  2019-04-30 16:52:58  [ main:1293 ] - [ INFO ]  534
  2019-04-30 16:52:58  [ main:1293 ] - [ INFO ]  535
  2019-04-30 16:52:58  [ main:1293 ] - [ INFO ]  536
  2019-04-30 16:52:58  [ main:1293 ] - [ INFO ]  537
  2019-04-30 16:52:58  [ main:1293 ] - [ INFO ]  538
  2019-04-30 16:52:58  [ main:1293 ] - [ INFO ]  539
  2019-04-30 16:52:58  [ main:1294 ] - [ INFO ]  540
  2019-04-30 16:52:58  [ main:1294 ] - [ INFO ]  541
  2019-04-30 16:52:58  [ main:1294 ] - [ INFO ]  542
  2019-04-30 16:52:58  [ main:1294 ] - [ INFO ]  543
  2019-04-30 16:52:58  [ main:1294 ] - [ INFO ]  544
  2019-04-30 16:52:58  [ main:1294 ] - [ INFO ]  545
  2019-04-30 16:52:58  [ main:1294 ] - [ INFO ]  546
  2019-04-30 16:52:58  [ main:1294 ] - [ INFO ]  547
  2019-04-30 16:52:58  [ main:1295 ] - [ INFO ]  548
  2019-04-30 16:52:58  [ main:1295 ] - [ INFO ]  549
  2019-04-30 16:52:58  [ main:1295 ] - [ INFO ]  550
  2019-04-30 16:52:58  [ main:1295 ] - [ INFO ]  551
  2019-04-30 16:52:58  [ main:1295 ] - [ INFO ]  552
  2019-04-30 16:52:58  [ main:1295 ] - [ INFO ]  553
  2019-04-30 16:52:58  [ main:1295 ] - [ INFO ]  554
  2019-04-30 16:52:58  [ main:1296 ] - [ INFO ]  555
  2019-04-30 16:52:58  [ main:1296 ] - [ INFO ]  556
  2019-04-30 16:52:58  [ main:1296 ] - [ INFO ]  557
  2019-04-30 16:52:58  [ main:1296 ] - [ INFO ]  558
  2019-04-30 16:52:58  [ main:1296 ] - [ INFO ]  559
  2019-04-30 16:52:58  [ main:1296 ] - [ INFO ]  560
  2019-04-30 16:52:58  [ main:1296 ] - [ INFO ]  561
  2019-04-30 16:52:58  [ main:1296 ] - [ INFO ]  562
  2019-04-30 16:52:58  [ main:1297 ] - [ INFO ]  563
  2019-04-30 16:52:58  [ main:1297 ] - [ INFO ]  564
  2019-04-30 16:52:58  [ main:1297 ] - [ INFO ]  565
  2019-04-30 16:52:58  [ main:1297 ] - [ INFO ]  566
  2019-04-30 16:52:58  [ main:1297 ] - [ INFO ]  567
  2019-04-30 16:52:58  [ main:1297 ] - [ INFO ]  568
  2019-04-30 16:52:58  [ main:1298 ] - [ INFO ]  569
  2019-04-30 16:52:58  [ main:1298 ] - [ INFO ]  570
  2019-04-30 16:52:58  [ main:1298 ] - [ INFO ]  571
  2019-04-30 16:52:58  [ main:1298 ] - [ INFO ]  572
  2019-04-30 16:52:58  [ main:1298 ] - [ INFO ]  573
  2019-04-30 16:52:58  [ main:1299 ] - [ INFO ]  574
  2019-04-30 16:52:58  [ main:1299 ] - [ INFO ]  575
  2019-04-30 16:52:58  [ main:1299 ] - [ INFO ]  576
  2019-04-30 16:52:58  [ main:1300 ] - [ INFO ]  577
  2019-04-30 16:52:58  [ main:1300 ] - [ INFO ]  578
  2019-04-30 16:52:58  [ main:1300 ] - [ INFO ]  579
  2019-04-30 16:52:58  [ main:1301 ] - [ INFO ]  580
  2019-04-30 16:52:58  [ main:1301 ] - [ INFO ]  581
  2019-04-30 16:52:58  [ main:1302 ] - [ INFO ]  582
  2019-04-30 16:52:58  [ main:1303 ] - [ INFO ]  583
  2019-04-30 16:52:58  [ main:1303 ] - [ INFO ]  584
  2019-04-30 16:52:58  [ main:1304 ] - [ INFO ]  585
  2019-04-30 16:52:58  [ main:1304 ] - [ INFO ]  586
  2019-04-30 16:52:58  [ main:1304 ] - [ INFO ]  587
  2019-04-30 16:52:58  [ main:1305 ] - [ INFO ]  588
  2019-04-30 16:52:58  [ main:1305 ] - [ INFO ]  589
  2019-04-30 16:52:58  [ main:1305 ] - [ INFO ]  590
  2019-04-30 16:52:58  [ main:1306 ] - [ INFO ]  591
  2019-04-30 16:52:58  [ main:1306 ] - [ INFO ]  592
  2019-04-30 16:52:58  [ main:1306 ] - [ INFO ]  593
  2019-04-30 16:52:58  [ main:1306 ] - [ INFO ]  594
  2019-04-30 16:52:58  [ main:1306 ] - [ INFO ]  595
  2019-04-30 16:52:58  [ main:1307 ] - [ INFO ]  596
  2019-04-30 16:52:58  [ main:1307 ] - [ INFO ]  597
  2019-04-30 16:52:58  [ main:1307 ] - [ INFO ]  598
  2019-04-30 16:52:58  [ main:1307 ] - [ INFO ]  599
  2019-04-30 16:52:58  [ main:1307 ] - [ INFO ]  600
  2019-04-30 16:52:58  [ main:1308 ] - [ INFO ]  601
  2019-04-30 16:52:58  [ main:1308 ] - [ INFO ]  602
  2019-04-30 16:52:58  [ main:1309 ] - [ INFO ]  603
  2019-04-30 16:52:58  [ main:1309 ] - [ INFO ]  604
  2019-04-30 16:52:58  [ main:1310 ] - [ INFO ]  605
  2019-04-30 16:52:58  [ main:1310 ] - [ INFO ]  606
  2019-04-30 16:52:58  [ main:1310 ] - [ INFO ]  607
  2019-04-30 16:52:58  [ main:1310 ] - [ INFO ]  608
  2019-04-30 16:52:58  [ main:1311 ] - [ INFO ]  609
  2019-04-30 16:52:58  [ main:1311 ] - [ INFO ]  610
  2019-04-30 16:52:58  [ main:1311 ] - [ INFO ]  611
  2019-04-30 16:52:58  [ main:1311 ] - [ INFO ]  612
  2019-04-30 16:52:58  [ main:1312 ] - [ INFO ]  613
  2019-04-30 16:52:58  [ main:1312 ] - [ INFO ]  614
  2019-04-30 16:52:58  [ main:1312 ] - [ INFO ]  615
  2019-04-30 16:52:58  [ main:1313 ] - [ INFO ]  616
  2019-04-30 16:52:58  [ main:1313 ] - [ INFO ]  617
  2019-04-30 16:52:58  [ main:1313 ] - [ INFO ]  618
  2019-04-30 16:52:58  [ main:1314 ] - [ INFO ]  619
  2019-04-30 16:52:58  [ main:1314 ] - [ INFO ]  620
  2019-04-30 16:52:58  [ main:1314 ] - [ INFO ]  621
  2019-04-30 16:52:58  [ main:1314 ] - [ INFO ]  622
  2019-04-30 16:52:58  [ main:1314 ] - [ INFO ]  623
  2019-04-30 16:52:58  [ main:1315 ] - [ INFO ]  624
  2019-04-30 16:52:58  [ main:1315 ] - [ INFO ]  625
  2019-04-30 16:52:58  [ main:1315 ] - [ INFO ]  626
  2019-04-30 16:52:58  [ main:1315 ] - [ INFO ]  627
  2019-04-30 16:52:58  [ main:1316 ] - [ INFO ]  628
  2019-04-30 16:52:58  [ main:1316 ] - [ INFO ]  629
  2019-04-30 16:52:58  [ main:1316 ] - [ INFO ]  630
  2019-04-30 16:52:58  [ main:1316 ] - [ INFO ]  631
  2019-04-30 16:52:58  [ main:1316 ] - [ INFO ]  632
  2019-04-30 16:52:58  [ main:1317 ] - [ INFO ]  633
  2019-04-30 16:52:58  [ main:1317 ] - [ INFO ]  634
  2019-04-30 16:52:58  [ main:1317 ] - [ INFO ]  635
  2019-04-30 16:52:58  [ main:1318 ] - [ INFO ]  636
  2019-04-30 16:52:58  [ main:1318 ] - [ INFO ]  637
  2019-04-30 16:52:58  [ main:1318 ] - [ INFO ]  638
  2019-04-30 16:52:58  [ main:1319 ] - [ INFO ]  639
  2019-04-30 16:52:58  [ main:1320 ] - [ INFO ]  640
  2019-04-30 16:52:58  [ main:1320 ] - [ INFO ]  641
  2019-04-30 16:52:58  [ main:1320 ] - [ INFO ]  642
  2019-04-30 16:52:58  [ main:1321 ] - [ INFO ]  643
  2019-04-30 16:52:58  [ main:1321 ] - [ INFO ]  644
  2019-04-30 16:52:58  [ main:1322 ] - [ INFO ]  645
  2019-04-30 16:52:58  [ main:1322 ] - [ INFO ]  646
  2019-04-30 16:52:58  [ main:1322 ] - [ INFO ]  647
  2019-04-30 16:52:58  [ main:1322 ] - [ INFO ]  648
  2019-04-30 16:52:58  [ main:1323 ] - [ INFO ]  649
  2019-04-30 16:52:58  [ main:1323 ] - [ INFO ]  650
  2019-04-30 16:52:58  [ main:1323 ] - [ INFO ]  651
  2019-04-30 16:52:58  [ main:1323 ] - [ INFO ]  652
  2019-04-30 16:52:58  [ main:1323 ] - [ INFO ]  653
  2019-04-30 16:52:58  [ main:1323 ] - [ INFO ]  654
  2019-04-30 16:52:58  [ main:1324 ] - [ INFO ]  655
  2019-04-30 16:52:58  [ main:1324 ] - [ INFO ]  656
  2019-04-30 16:52:58  [ main:1324 ] - [ INFO ]  657
  2019-04-30 16:52:58  [ main:1324 ] - [ INFO ]  658
  2019-04-30 16:52:58  [ main:1324 ] - [ INFO ]  659
  2019-04-30 16:52:58  [ main:1324 ] - [ INFO ]  660
  2019-04-30 16:52:58  [ main:1324 ] - [ INFO ]  661
  2019-04-30 16:52:58  [ main:1325 ] - [ INFO ]  662
  2019-04-30 16:52:58  [ main:1325 ] - [ INFO ]  663
  2019-04-30 16:52:58  [ main:1325 ] - [ INFO ]  664
  2019-04-30 16:52:58  [ main:1325 ] - [ INFO ]  665
  2019-04-30 16:52:58  [ main:1325 ] - [ INFO ]  666
  2019-04-30 16:52:58  [ main:1325 ] - [ INFO ]  667
  2019-04-30 16:52:58  [ main:1325 ] - [ INFO ]  668
  2019-04-30 16:52:58  [ main:1326 ] - [ INFO ]  669
  2019-04-30 16:52:58  [ main:1326 ] - [ INFO ]  670
  2019-04-30 16:52:58  [ main:1326 ] - [ INFO ]  671
  2019-04-30 16:52:58  [ main:1326 ] - [ INFO ]  672
  2019-04-30 16:52:58  [ main:1326 ] - [ INFO ]  673
  2019-04-30 16:52:58  [ main:1326 ] - [ INFO ]  674
  2019-04-30 16:52:58  [ main:1326 ] - [ INFO ]  675
  2019-04-30 16:52:58  [ main:1326 ] - [ INFO ]  676
  2019-04-30 16:52:58  [ main:1326 ] - [ INFO ]  677
  2019-04-30 16:52:58  [ main:1327 ] - [ INFO ]  678
  2019-04-30 16:52:58  [ main:1327 ] - [ INFO ]  679
  2019-04-30 16:52:58  [ main:1327 ] - [ INFO ]  680
  2019-04-30 16:52:58  [ main:1327 ] - [ INFO ]  681
  2019-04-30 16:52:58  [ main:1327 ] - [ INFO ]  682
  2019-04-30 16:52:58  [ main:1327 ] - [ INFO ]  683
  2019-04-30 16:52:58  [ main:1327 ] - [ INFO ]  684
  2019-04-30 16:52:58  [ main:1327 ] - [ INFO ]  685
  2019-04-30 16:52:58  [ main:1327 ] - [ INFO ]  686
  2019-04-30 16:52:58  [ main:1327 ] - [ INFO ]  687
  2019-04-30 16:52:58  [ main:1328 ] - [ INFO ]  688
  2019-04-30 16:52:58  [ main:1328 ] - [ INFO ]  689
  2019-04-30 16:52:58  [ main:1328 ] - [ INFO ]  690
  2019-04-30 16:52:58  [ main:1328 ] - [ INFO ]  691
  2019-04-30 16:52:58  [ main:1328 ] - [ INFO ]  692
  2019-04-30 16:52:58  [ main:1328 ] - [ INFO ]  693
  2019-04-30 16:52:58  [ main:1328 ] - [ INFO ]  694
  2019-04-30 16:52:58  [ main:1328 ] - [ INFO ]  695
  2019-04-30 16:52:58  [ main:1329 ] - [ INFO ]  696
  2019-04-30 16:52:58  [ main:1329 ] - [ INFO ]  697
  2019-04-30 16:52:58  [ main:1329 ] - [ INFO ]  698
  2019-04-30 16:52:58  [ main:1329 ] - [ INFO ]  699
  2019-04-30 16:52:58  [ main:1329 ] - [ INFO ]  700
  2019-04-30 16:52:58  [ main:1330 ] - [ INFO ]  701
  2019-04-30 16:52:58  [ main:1330 ] - [ INFO ]  702
  2019-04-30 16:52:58  [ main:1330 ] - [ INFO ]  703
  2019-04-30 16:52:58  [ main:1330 ] - [ INFO ]  704
  2019-04-30 16:52:58  [ main:1330 ] - [ INFO ]  705
  2019-04-30 16:52:58  [ main:1330 ] - [ INFO ]  706
  2019-04-30 16:52:58  [ main:1331 ] - [ INFO ]  707
  2019-04-30 16:52:58  [ main:1331 ] - [ INFO ]  708
  2019-04-30 16:52:58  [ main:1331 ] - [ INFO ]  709
  2019-04-30 16:52:58  [ main:1331 ] - [ INFO ]  710
  2019-04-30 16:52:58  [ main:1331 ] - [ INFO ]  711
  2019-04-30 16:52:58  [ main:1331 ] - [ INFO ]  712
  2019-04-30 16:52:58  [ main:1332 ] - [ INFO ]  713
  2019-04-30 16:52:58  [ main:1332 ] - [ INFO ]  714
  2019-04-30 16:52:58  [ main:1332 ] - [ INFO ]  715
  2019-04-30 16:52:58  [ main:1333 ] - [ INFO ]  716
  2019-04-30 16:52:58  [ main:1333 ] - [ INFO ]  717
  2019-04-30 16:52:58  [ main:1333 ] - [ INFO ]  718
  2019-04-30 16:52:58  [ main:1333 ] - [ INFO ]  719
  2019-04-30 16:52:58  [ main:1334 ] - [ INFO ]  720
  2019-04-30 16:52:58  [ main:1334 ] - [ INFO ]  721
  2019-04-30 16:52:58  [ main:1334 ] - [ INFO ]  722
  2019-04-30 16:52:58  [ main:1335 ] - [ INFO ]  723
  2019-04-30 16:52:58  [ main:1335 ] - [ INFO ]  724
  2019-04-30 16:52:58  [ main:1335 ] - [ INFO ]  725
  2019-04-30 16:52:58  [ main:1335 ] - [ INFO ]  726
  2019-04-30 16:52:58  [ main:1335 ] - [ INFO ]  727
  2019-04-30 16:52:58  [ main:1336 ] - [ INFO ]  728
  2019-04-30 16:52:58  [ main:1336 ] - [ INFO ]  729
  2019-04-30 16:52:58  [ main:1336 ] - [ INFO ]  730
  2019-04-30 16:52:58  [ main:1336 ] - [ INFO ]  731
  2019-04-30 16:52:58  [ main:1336 ] - [ INFO ]  732
  2019-04-30 16:52:58  [ main:1337 ] - [ INFO ]  733
  2019-04-30 16:52:58  [ main:1337 ] - [ INFO ]  734
  2019-04-30 16:52:58  [ main:1337 ] - [ INFO ]  735
  2019-04-30 16:52:58  [ main:1337 ] - [ INFO ]  736
  2019-04-30 16:52:58  [ main:1337 ] - [ INFO ]  737
  2019-04-30 16:52:58  [ main:1338 ] - [ INFO ]  738
  2019-04-30 16:52:58  [ main:1338 ] - [ INFO ]  739
  2019-04-30 16:52:58  [ main:1338 ] - [ INFO ]  740
  2019-04-30 16:52:58  [ main:1338 ] - [ INFO ]  741
  2019-04-30 16:52:58  [ main:1338 ] - [ INFO ]  742
  2019-04-30 16:52:58  [ main:1338 ] - [ INFO ]  743
  2019-04-30 16:52:58  [ main:1338 ] - [ INFO ]  744
  2019-04-30 16:52:58  [ main:1339 ] - [ INFO ]  745
  2019-04-30 16:52:58  [ main:1339 ] - [ INFO ]  746
  2019-04-30 16:52:58  [ main:1339 ] - [ INFO ]  747
  2019-04-30 16:52:58  [ main:1339 ] - [ INFO ]  748
  2019-04-30 16:52:58  [ main:1339 ] - [ INFO ]  749
  2019-04-30 16:52:58  [ main:1339 ] - [ INFO ]  750
  2019-04-30 16:52:58  [ main:1339 ] - [ INFO ]  751
  2019-04-30 16:52:58  [ main:1339 ] - [ INFO ]  752
  2019-04-30 16:52:58  [ main:1339 ] - [ INFO ]  753
  2019-04-30 16:52:58  [ main:1340 ] - [ INFO ]  754
  2019-04-30 16:52:58  [ main:1340 ] - [ INFO ]  755
  2019-04-30 16:52:58  [ main:1340 ] - [ INFO ]  756
  2019-04-30 16:52:58  [ main:1340 ] - [ INFO ]  757
  2019-04-30 16:52:58  [ main:1340 ] - [ INFO ]  758
  2019-04-30 16:52:58  [ main:1340 ] - [ INFO ]  759
  2019-04-30 16:52:58  [ main:1340 ] - [ INFO ]  760
  2019-04-30 16:52:58  [ main:1340 ] - [ INFO ]  761
  2019-04-30 16:52:58  [ main:1341 ] - [ INFO ]  762
  2019-04-30 16:52:58  [ main:1341 ] - [ INFO ]  763
  2019-04-30 16:52:58  [ main:1341 ] - [ INFO ]  764
  2019-04-30 16:52:58  [ main:1341 ] - [ INFO ]  765
  2019-04-30 16:52:58  [ main:1341 ] - [ INFO ]  766
  2019-04-30 16:52:58  [ main:1341 ] - [ INFO ]  767
  2019-04-30 16:52:58  [ main:1341 ] - [ INFO ]  768
  2019-04-30 16:52:58  [ main:1341 ] - [ INFO ]  769
  2019-04-30 16:52:58  [ main:1342 ] - [ INFO ]  770
  2019-04-30 16:52:58  [ main:1342 ] - [ INFO ]  771
  2019-04-30 16:52:58  [ main:1342 ] - [ INFO ]  772
  2019-04-30 16:52:58  [ main:1342 ] - [ INFO ]  773
  2019-04-30 16:52:58  [ main:1342 ] - [ INFO ]  774
  2019-04-30 16:52:58  [ main:1342 ] - [ INFO ]  775
  2019-04-30 16:52:58  [ main:1342 ] - [ INFO ]  776
  2019-04-30 16:52:58  [ main:1342 ] - [ INFO ]  777
  2019-04-30 16:52:58  [ main:1343 ] - [ INFO ]  778
  2019-04-30 16:52:58  [ main:1343 ] - [ INFO ]  779
  2019-04-30 16:52:58  [ main:1343 ] - [ INFO ]  780
  2019-04-30 16:52:58  [ main:1343 ] - [ INFO ]  781
  2019-04-30 16:52:58  [ main:1343 ] - [ INFO ]  782
  2019-04-30 16:52:58  [ main:1343 ] - [ INFO ]  783
  2019-04-30 16:52:58  [ main:1343 ] - [ INFO ]  784
  2019-04-30 16:52:58  [ main:1343 ] - [ INFO ]  785
  2019-04-30 16:52:58  [ main:1344 ] - [ INFO ]  786
  2019-04-30 16:52:58  [ main:1344 ] - [ INFO ]  787
  2019-04-30 16:52:58  [ main:1344 ] - [ INFO ]  788
  2019-04-30 16:52:58  [ main:1344 ] - [ INFO ]  789
  2019-04-30 16:52:58  [ main:1344 ] - [ INFO ]  790
  2019-04-30 16:52:58  [ main:1345 ] - [ INFO ]  791
  2019-04-30 16:52:58  [ main:1345 ] - [ INFO ]  792
  2019-04-30 16:52:58  [ main:1345 ] - [ INFO ]  793
  2019-04-30 16:52:58  [ main:1345 ] - [ INFO ]  794
  2019-04-30 16:52:58  [ main:1346 ] - [ INFO ]  795
  2019-04-30 16:52:58  [ main:1346 ] - [ INFO ]  796
  2019-04-30 16:52:58  [ main:1346 ] - [ INFO ]  797
  2019-04-30 16:52:58  [ main:1346 ] - [ INFO ]  798
  2019-04-30 16:52:58  [ main:1346 ] - [ INFO ]  799
  2019-04-30 16:52:58  [ main:1347 ] - [ INFO ]  800
  2019-04-30 16:52:58  [ main:1347 ] - [ INFO ]  801
  2019-04-30 16:52:58  [ main:1347 ] - [ INFO ]  802
  2019-04-30 16:52:58  [ main:1347 ] - [ INFO ]  803
  2019-04-30 16:52:58  [ main:1347 ] - [ INFO ]  804
  2019-04-30 16:52:58  [ main:1347 ] - [ INFO ]  805
  2019-04-30 16:52:58  [ main:1347 ] - [ INFO ]  806
  2019-04-30 16:52:58  [ main:1348 ] - [ INFO ]  807
  2019-04-30 16:52:58  [ main:1348 ] - [ INFO ]  808
  2019-04-30 16:52:58  [ main:1348 ] - [ INFO ]  809
  2019-04-30 16:52:58  [ main:1348 ] - [ INFO ]  810
  2019-04-30 16:52:58  [ main:1348 ] - [ INFO ]  811
  2019-04-30 16:52:58  [ main:1348 ] - [ INFO ]  812
  2019-04-30 16:52:58  [ main:1348 ] - [ INFO ]  813
  2019-04-30 16:52:58  [ main:1348 ] - [ INFO ]  814
  2019-04-30 16:52:58  [ main:1349 ] - [ INFO ]  815
  2019-04-30 16:52:58  [ main:1349 ] - [ INFO ]  816
  2019-04-30 16:52:58  [ main:1349 ] - [ INFO ]  817
  2019-04-30 16:52:58  [ main:1349 ] - [ INFO ]  818
  2019-04-30 16:52:58  [ main:1349 ] - [ INFO ]  819
  2019-04-30 16:52:58  [ main:1349 ] - [ INFO ]  820
  2019-04-30 16:52:58  [ main:1349 ] - [ INFO ]  821
  2019-04-30 16:52:58  [ main:1349 ] - [ INFO ]  822
  2019-04-30 16:52:58  [ main:1349 ] - [ INFO ]  823
  2019-04-30 16:52:58  [ main:1350 ] - [ INFO ]  824
  2019-04-30 16:52:58  [ main:1350 ] - [ INFO ]  825
  2019-04-30 16:52:58  [ main:1350 ] - [ INFO ]  826
  2019-04-30 16:52:58  [ main:1350 ] - [ INFO ]  827
  2019-04-30 16:52:58  [ main:1350 ] - [ INFO ]  828
  2019-04-30 16:52:58  [ main:1350 ] - [ INFO ]  829
  2019-04-30 16:52:58  [ main:1350 ] - [ INFO ]  830
  2019-04-30 16:52:58  [ main:1350 ] - [ INFO ]  831
  2019-04-30 16:52:58  [ main:1350 ] - [ INFO ]  832
  2019-04-30 16:52:58  [ main:1351 ] - [ INFO ]  833
  2019-04-30 16:52:58  [ main:1351 ] - [ INFO ]  834
  2019-04-30 16:52:58  [ main:1351 ] - [ INFO ]  835
  2019-04-30 16:52:58  [ main:1351 ] - [ INFO ]  836
  2019-04-30 16:52:58  [ main:1351 ] - [ INFO ]  837
  2019-04-30 16:52:58  [ main:1352 ] - [ INFO ]  838
  2019-04-30 16:52:58  [ main:1352 ] - [ INFO ]  839
  2019-04-30 16:52:58  [ main:1353 ] - [ INFO ]  840
  2019-04-30 16:52:58  [ main:1353 ] - [ INFO ]  841
  2019-04-30 16:52:58  [ main:1353 ] - [ INFO ]  842
  2019-04-30 16:52:58  [ main:1354 ] - [ INFO ]  843
  2019-04-30 16:52:58  [ main:1354 ] - [ INFO ]  844
  2019-04-30 16:52:58  [ main:1354 ] - [ INFO ]  845
  2019-04-30 16:52:58  [ main:1355 ] - [ INFO ]  846
  2019-04-30 16:52:58  [ main:1355 ] - [ INFO ]  847
  2019-04-30 16:52:58  [ main:1356 ] - [ INFO ]  848
  2019-04-30 16:52:58  [ main:1356 ] - [ INFO ]  849
  2019-04-30 16:52:58  [ main:1356 ] - [ INFO ]  850
  2019-04-30 16:52:58  [ main:1356 ] - [ INFO ]  851
  2019-04-30 16:52:58  [ main:1356 ] - [ INFO ]  852
  2019-04-30 16:52:58  [ main:1357 ] - [ INFO ]  853
  2019-04-30 16:52:58  [ main:1357 ] - [ INFO ]  854
  2019-04-30 16:52:58  [ main:1357 ] - [ INFO ]  855
  2019-04-30 16:52:58  [ main:1357 ] - [ INFO ]  856
  2019-04-30 16:52:58  [ main:1357 ] - [ INFO ]  857
  2019-04-30 16:52:58  [ main:1358 ] - [ INFO ]  858
  2019-04-30 16:52:58  [ main:1358 ] - [ INFO ]  859
  2019-04-30 16:52:58  [ main:1358 ] - [ INFO ]  860
  2019-04-30 16:52:58  [ main:1358 ] - [ INFO ]  861
  2019-04-30 16:52:58  [ main:1359 ] - [ INFO ]  862
  2019-04-30 16:52:58  [ main:1359 ] - [ INFO ]  863
  2019-04-30 16:52:58  [ main:1359 ] - [ INFO ]  864
  2019-04-30 16:52:58  [ main:1359 ] - [ INFO ]  865
  2019-04-30 16:52:58  [ main:1360 ] - [ INFO ]  866
  2019-04-30 16:52:58  [ main:1360 ] - [ INFO ]  867
  2019-04-30 16:52:58  [ main:1360 ] - [ INFO ]  868
  2019-04-30 16:52:58  [ main:1360 ] - [ INFO ]  869
  2019-04-30 16:52:58  [ main:1360 ] - [ INFO ]  870
  2019-04-30 16:52:58  [ main:1361 ] - [ INFO ]  871
  2019-04-30 16:52:58  [ main:1361 ] - [ INFO ]  872
  2019-04-30 16:52:58  [ main:1361 ] - [ INFO ]  873
  2019-04-30 16:52:58  [ main:1361 ] - [ INFO ]  874
  2019-04-30 16:52:58  [ main:1361 ] - [ INFO ]  875
  2019-04-30 16:52:58  [ main:1361 ] - [ INFO ]  876
  2019-04-30 16:52:58  [ main:1361 ] - [ INFO ]  877
  2019-04-30 16:52:58  [ main:1361 ] - [ INFO ]  878
  2019-04-30 16:52:58  [ main:1362 ] - [ INFO ]  879
  2019-04-30 16:52:58  [ main:1362 ] - [ INFO ]  880
  2019-04-30 16:52:58  [ main:1362 ] - [ INFO ]  881
  2019-04-30 16:52:58  [ main:1362 ] - [ INFO ]  882
  2019-04-30 16:52:58  [ main:1362 ] - [ INFO ]  883
  2019-04-30 16:52:58  [ main:1362 ] - [ INFO ]  884
  2019-04-30 16:52:58  [ main:1363 ] - [ INFO ]  885
  2019-04-30 16:52:58  [ main:1363 ] - [ INFO ]  886
  2019-04-30 16:52:58  [ main:1363 ] - [ INFO ]  887
  2019-04-30 16:52:58  [ main:1363 ] - [ INFO ]  888
  2019-04-30 16:52:58  [ main:1363 ] - [ INFO ]  889
  2019-04-30 16:52:58  [ main:1363 ] - [ INFO ]  890
  2019-04-30 16:52:58  [ main:1364 ] - [ INFO ]  891
  2019-04-30 16:52:58  [ main:1364 ] - [ INFO ]  892
  2019-04-30 16:52:58  [ main:1364 ] - [ INFO ]  893
  2019-04-30 16:52:58  [ main:1365 ] - [ INFO ]  894
  2019-04-30 16:52:58  [ main:1365 ] - [ INFO ]  895
  2019-04-30 16:52:58  [ main:1365 ] - [ INFO ]  896
  2019-04-30 16:52:58  [ main:1365 ] - [ INFO ]  897
  2019-04-30 16:52:58  [ main:1365 ] - [ INFO ]  898
  2019-04-30 16:52:58  [ main:1366 ] - [ INFO ]  899
  2019-04-30 16:52:58  [ main:1366 ] - [ INFO ]  900
  2019-04-30 16:52:58  [ main:1366 ] - [ INFO ]  901
  2019-04-30 16:52:58  [ main:1366 ] - [ INFO ]  902
  2019-04-30 16:52:58  [ main:1366 ] - [ INFO ]  903
  2019-04-30 16:52:58  [ main:1366 ] - [ INFO ]  904
  2019-04-30 16:52:58  [ main:1366 ] - [ INFO ]  905
  2019-04-30 16:52:58  [ main:1367 ] - [ INFO ]  906
  2019-04-30 16:52:58  [ main:1367 ] - [ INFO ]  907
  2019-04-30 16:52:58  [ main:1367 ] - [ INFO ]  908
  2019-04-30 16:52:58  [ main:1367 ] - [ INFO ]  909
  2019-04-30 16:52:58  [ main:1367 ] - [ INFO ]  910
  2019-04-30 16:52:58  [ main:1367 ] - [ INFO ]  911
  2019-04-30 16:52:58  [ main:1367 ] - [ INFO ]  912
  2019-04-30 16:52:58  [ main:1367 ] - [ INFO ]  913
  2019-04-30 16:52:58  [ main:1368 ] - [ INFO ]  914
  2019-04-30 16:52:58  [ main:1368 ] - [ INFO ]  915
  2019-04-30 16:52:58  [ main:1368 ] - [ INFO ]  916
  2019-04-30 16:52:58  [ main:1368 ] - [ INFO ]  917
  2019-04-30 16:52:58  [ main:1368 ] - [ INFO ]  918
  2019-04-30 16:52:58  [ main:1368 ] - [ INFO ]  919
  2019-04-30 16:52:58  [ main:1368 ] - [ INFO ]  920
  2019-04-30 16:52:58  [ main:1369 ] - [ INFO ]  921
  2019-04-30 16:52:58  [ main:1369 ] - [ INFO ]  922
  2019-04-30 16:52:58  [ main:1369 ] - [ INFO ]  923
  2019-04-30 16:52:58  [ main:1369 ] - [ INFO ]  924
  2019-04-30 16:52:58  [ main:1369 ] - [ INFO ]  925
  2019-04-30 16:52:58  [ main:1369 ] - [ INFO ]  926
  2019-04-30 16:52:58  [ main:1369 ] - [ INFO ]  927
  2019-04-30 16:52:58  [ main:1369 ] - [ INFO ]  928
  2019-04-30 16:52:58  [ main:1370 ] - [ INFO ]  929
  2019-04-30 16:52:58  [ main:1370 ] - [ INFO ]  930
  2019-04-30 16:52:58  [ main:1370 ] - [ INFO ]  931
  2019-04-30 16:52:58  [ main:1370 ] - [ INFO ]  932
  2019-04-30 16:52:58  [ main:1371 ] - [ INFO ]  933
  2019-04-30 16:52:58  [ main:1371 ] - [ INFO ]  934
  2019-04-30 16:52:58  [ main:1371 ] - [ INFO ]  935
  2019-04-30 16:52:58  [ main:1371 ] - [ INFO ]  936
  2019-04-30 16:52:58  [ main:1372 ] - [ INFO ]  937
  2019-04-30 16:52:58  [ main:1372 ] - [ INFO ]  938
  2019-04-30 16:52:58  [ main:1372 ] - [ INFO ]  939
  2019-04-30 16:52:58  [ main:1372 ] - [ INFO ]  940
  2019-04-30 16:52:58  [ main:1372 ] - [ INFO ]  941
  2019-04-30 16:52:58  [ main:1372 ] - [ INFO ]  942
  2019-04-30 16:52:58  [ main:1373 ] - [ INFO ]  943
  2019-04-30 16:52:58  [ main:1373 ] - [ INFO ]  944
  2019-04-30 16:52:58  [ main:1373 ] - [ INFO ]  945
  2019-04-30 16:52:58  [ main:1373 ] - [ INFO ]  946
  2019-04-30 16:52:58  [ main:1373 ] - [ INFO ]  947
  2019-04-30 16:52:58  [ main:1373 ] - [ INFO ]  948
  2019-04-30 16:52:58  [ main:1374 ] - [ INFO ]  949
  2019-04-30 16:52:58  [ main:1374 ] - [ INFO ]  950
  2019-04-30 16:52:58  [ main:1374 ] - [ INFO ]  951
  2019-04-30 16:52:58  [ main:1374 ] - [ INFO ]  952
  2019-04-30 16:52:58  [ main:1374 ] - [ INFO ]  953
  2019-04-30 16:52:58  [ main:1374 ] - [ INFO ]  954
  2019-04-30 16:52:58  [ main:1375 ] - [ INFO ]  955
  2019-04-30 16:52:58  [ main:1375 ] - [ INFO ]  956
  2019-04-30 16:52:58  [ main:1375 ] - [ INFO ]  957
  2019-04-30 16:52:58  [ main:1375 ] - [ INFO ]  958
  2019-04-30 16:52:58  [ main:1376 ] - [ INFO ]  959
  2019-04-30 16:52:58  [ main:1376 ] - [ INFO ]  960
  2019-04-30 16:52:58  [ main:1377 ] - [ INFO ]  961
  2019-04-30 16:52:58  [ main:1377 ] - [ INFO ]  962
  2019-04-30 16:52:58  [ main:1379 ] - [ INFO ]  963
  2019-04-30 16:52:58  [ main:1379 ] - [ INFO ]  964
  2019-04-30 16:52:58  [ main:1379 ] - [ INFO ]  965
  2019-04-30 16:52:58  [ main:1380 ] - [ INFO ]  966
  2019-04-30 16:52:58  [ main:1380 ] - [ INFO ]  967
  2019-04-30 16:52:58  [ main:1380 ] - [ INFO ]  968
  2019-04-30 16:52:58  [ main:1380 ] - [ INFO ]  969
  2019-04-30 16:52:58  [ main:1381 ] - [ INFO ]  970
  2019-04-30 16:52:58  [ main:1381 ] - [ INFO ]  971
  2019-04-30 16:52:58  [ main:1381 ] - [ INFO ]  972
  2019-04-30 16:52:58  [ main:1381 ] - [ INFO ]  973
  2019-04-30 16:52:58  [ main:1381 ] - [ INFO ]  974
  2019-04-30 16:52:58  [ main:1381 ] - [ INFO ]  975
  2019-04-30 16:52:58  [ main:1381 ] - [ INFO ]  976
  2019-04-30 16:52:58  [ main:1381 ] - [ INFO ]  977
  2019-04-30 16:52:58  [ main:1382 ] - [ INFO ]  978
  2019-04-30 16:52:58  [ main:1382 ] - [ INFO ]  979
  2019-04-30 16:52:58  [ main:1382 ] - [ INFO ]  980
  2019-04-30 16:52:58  [ main:1382 ] - [ INFO ]  981
  2019-04-30 16:52:58  [ main:1382 ] - [ INFO ]  982
  2019-04-30 16:52:58  [ main:1382 ] - [ INFO ]  983
  2019-04-30 16:52:58  [ main:1382 ] - [ INFO ]  984
  2019-04-30 16:52:58  [ main:1382 ] - [ INFO ]  985
  2019-04-30 16:52:58  [ main:1382 ] - [ INFO ]  986
  2019-04-30 16:52:58  [ main:1383 ] - [ INFO ]  987
  2019-04-30 16:52:58  [ main:1383 ] - [ INFO ]  988
  2019-04-30 16:52:58  [ main:1383 ] - [ INFO ]  989
  2019-04-30 16:52:58  [ main:1383 ] - [ INFO ]  990
  2019-04-30 16:52:58  [ main:1383 ] - [ INFO ]  991
  2019-04-30 16:52:58  [ main:1383 ] - [ INFO ]  992
  2019-04-30 16:52:58  [ main:1383 ] - [ INFO ]  993
  2019-04-30 16:52:58  [ main:1383 ] - [ INFO ]  994
  2019-04-30 16:52:58  [ main:1383 ] - [ INFO ]  995
  2019-04-30 16:52:58  [ main:1383 ] - [ INFO ]  996
  2019-04-30 16:52:58  [ main:1384 ] - [ INFO ]  997
  2019-04-30 16:52:58  [ main:1384 ] - [ INFO ]  998
  2019-04-30 16:52:58  [ main:1384 ] - [ INFO ]  999
  2019-04-30 16:53:23  [ main:0 ] - [ INFO ]  ProducerConfig values: 
	acks = all
	batch.size = 16384
	bootstrap.servers = [www.boboc.club:9092, www.boboc.club:9093, www.boboc.club:9094]
	buffer.memory = 33554432
	client.dns.lookup = default
	client.id = 
	compression.type = none
	connections.max.idle.ms = 540000
	delivery.timeout.ms = 120000
	enable.idempotence = false
	interceptor.classes = []
	key.serializer = class org.apache.kafka.common.serialization.StringSerializer
	linger.ms = 0
	max.block.ms = 60000
	max.in.flight.requests.per.connection = 5
	max.request.size = 1048576
	metadata.max.age.ms = 300000
	metric.reporters = []
	metrics.num.samples = 2
	metrics.recording.level = INFO
	metrics.sample.window.ms = 30000
	partitioner.class = class org.apache.kafka.clients.producer.internals.DefaultPartitioner
	receive.buffer.bytes = 32768
	reconnect.backoff.max.ms = 1000
	reconnect.backoff.ms = 50
	request.timeout.ms = 30000
	retries = 2147483647
	retry.backoff.ms = 100
	sasl.client.callback.handler.class = null
	sasl.jaas.config = null
	sasl.kerberos.kinit.cmd = /usr/bin/kinit
	sasl.kerberos.min.time.before.relogin = 60000
	sasl.kerberos.service.name = null
	sasl.kerberos.ticket.renew.jitter = 0.05
	sasl.kerberos.ticket.renew.window.factor = 0.8
	sasl.login.callback.handler.class = null
	sasl.login.class = null
	sasl.login.refresh.buffer.seconds = 300
	sasl.login.refresh.min.period.seconds = 60
	sasl.login.refresh.window.factor = 0.8
	sasl.login.refresh.window.jitter = 0.05
	sasl.mechanism = GSSAPI
	security.protocol = PLAINTEXT
	send.buffer.bytes = 131072
	ssl.cipher.suites = null
	ssl.enabled.protocols = [TLSv1.2, TLSv1.1, TLSv1]
	ssl.endpoint.identification.algorithm = https
	ssl.key.password = null
	ssl.keymanager.algorithm = SunX509
	ssl.keystore.location = null
	ssl.keystore.password = null
	ssl.keystore.type = JKS
	ssl.protocol = TLS
	ssl.provider = null
	ssl.secure.random.implementation = null
	ssl.trustmanager.algorithm = PKIX
	ssl.truststore.location = null
	ssl.truststore.password = null
	ssl.truststore.type = JKS
	transaction.timeout.ms = 60000
	transactional.id = null
	value.serializer = class org.apache.kafka.common.serialization.StringSerializer

  2019-04-30 16:53:23  [ main:388 ] - [ INFO ]  Kafka version: 2.2.0
  2019-04-30 16:53:23  [ main:389 ] - [ INFO ]  Kafka commitId: 05fcfde8f69b0349
  2019-04-30 16:53:24  [ kafka-producer-network-thread | producer-1:883 ] - [ WARN ]  [Producer clientId=producer-1] Error while fetching metadata with correlation id 3 : {test.waimai_lupin_parser=LEADER_NOT_AVAILABLE}
  2019-04-30 16:53:24  [ kafka-producer-network-thread | producer-1:1043 ] - [ WARN ]  [Producer clientId=producer-1] Error while fetching metadata with correlation id 4 : {test.waimai_lupin_parser=LEADER_NOT_AVAILABLE}
  2019-04-30 16:53:24  [ kafka-producer-network-thread | producer-1:1214 ] - [ WARN ]  [Producer clientId=producer-1] Error while fetching metadata with correlation id 5 : {test.waimai_lupin_parser=LEADER_NOT_AVAILABLE}
  2019-04-30 16:53:24  [ kafka-producer-network-thread | producer-1:1397 ] - [ INFO ]  Cluster ID: 0VtjZ_ZORdOnw42ccibRzA
  2019-04-30 16:54:41  [ main:0 ] - [ INFO ]  Verifying properties
  2019-04-30 16:54:41  [ main:55 ] - [ INFO ]  Property auto.commit.interval.ms is overridden to 2000
  2019-04-30 16:54:41  [ main:58 ] - [ INFO ]  Property auto.offset.reset is overridden to smallest
  2019-04-30 16:54:41  [ main:59 ] - [ INFO ]  Property fetch.message.max.bytes is overridden to 20971520
  2019-04-30 16:54:41  [ main:59 ] - [ INFO ]  Property group.id is overridden to test2
  2019-04-30 16:54:41  [ main:59 ] - [ INFO ]  Property rebalance.backoff.ms is overridden to 12000
  2019-04-30 16:54:41  [ main:59 ] - [ INFO ]  Property rebalance.max.retries is overridden to 5
  2019-04-30 16:54:41  [ main:60 ] - [ INFO ]  Property zookeeper.connect is overridden to www.boboc.club:2181,www.boboc.club:2181
  2019-04-30 16:54:41  [ main:60 ] - [ INFO ]  Property zookeeper.session.timeout.ms is overridden to 60000
  2019-04-30 16:54:41  [ main:60 ] - [ INFO ]  Property zookeeper.sync.time.ms is overridden to 2000
  2019-04-30 16:54:41  [ main:195 ] - [ INFO ]  [test2_shusf.local-1556614481430-2a12399c], Connecting to zookeeper instance at www.boboc.club:2181,www.boboc.club:2181
  2019-04-30 16:54:41  [ ZkClient-EventThread-17-www.boboc.club:2181,www.boboc.club:2181:209 ] - [ INFO ]  Starting ZkClient event thread.
  2019-04-30 16:54:41  [ main:223 ] - [ INFO ]  Client environment:zookeeper.version=3.4.6-1569965, built on 02/20/2014 09:09 GMT
  2019-04-30 16:54:41  [ main:224 ] - [ INFO ]  Client environment:host.name=172.25.160.241
  2019-04-30 16:54:41  [ main:224 ] - [ INFO ]  Client environment:java.version=1.8.0_161
  2019-04-30 16:54:41  [ main:227 ] - [ INFO ]  Client environment:java.vendor=Oracle Corporation
  2019-04-30 16:54:41  [ main:227 ] - [ INFO ]  Client environment:java.home=/Library/Java/JavaVirtualMachines/jdk1.8.0_161.jdk/Contents/Home/jre
  2019-04-30 16:54:41  [ main:227 ] - [ INFO ]  Client environment:java.class.path=/Library/Java/JavaVirtualMachines/jdk1.8.0_161.jdk/Contents/Home/jre/lib/charsets.jar:/Library/Java/JavaVirtualMachines/jdk1.8.0_161.jdk/Contents/Home/jre/lib/deploy.jar:/Library/Java/JavaVirtualMachines/jdk1.8.0_161.jdk/Contents/Home/jre/lib/ext/cldrdata.jar:/Library/Java/JavaVirtualMachines/jdk1.8.0_161.jdk/Contents/Home/jre/lib/ext/dnsns.jar:/Library/Java/JavaVirtualMachines/jdk1.8.0_161.jdk/Contents/Home/jre/lib/ext/jaccess.jar:/Library/Java/JavaVirtualMachines/jdk1.8.0_161.jdk/Contents/Home/jre/lib/ext/jfxrt.jar:/Library/Java/JavaVirtualMachines/jdk1.8.0_161.jdk/Contents/Home/jre/lib/ext/localedata.jar:/Library/Java/JavaVirtualMachines/jdk1.8.0_161.jdk/Contents/Home/jre/lib/ext/nashorn.jar:/Library/Java/JavaVirtualMachines/jdk1.8.0_161.jdk/Contents/Home/jre/lib/ext/sunec.jar:/Library/Java/JavaVirtualMachines/jdk1.8.0_161.jdk/Contents/Home/jre/lib/ext/sunjce_provider.jar:/Library/Java/JavaVirtualMachines/jdk1.8.0_161.jdk/Contents/Home/jre/lib/ext/sunpkcs11.jar:/Library/Java/JavaVirtualMachines/jdk1.8.0_161.jdk/Contents/Home/jre/lib/ext/zipfs.jar:/Library/Java/JavaVirtualMachines/jdk1.8.0_161.jdk/Contents/Home/jre/lib/javaws.jar:/Library/Java/JavaVirtualMachines/jdk1.8.0_161.jdk/Contents/Home/jre/lib/jce.jar:/Library/Java/JavaVirtualMachines/jdk1.8.0_161.jdk/Contents/Home/jre/lib/jfr.jar:/Library/Java/JavaVirtualMachines/jdk1.8.0_161.jdk/Contents/Home/jre/lib/jfxswt.jar:/Library/Java/JavaVirtualMachines/jdk1.8.0_161.jdk/Contents/Home/jre/lib/jsse.jar:/Library/Java/JavaVirtualMachines/jdk1.8.0_161.jdk/Contents/Home/jre/lib/management-agent.jar:/Library/Java/JavaVirtualMachines/jdk1.8.0_161.jdk/Contents/Home/jre/lib/plugin.jar:/Library/Java/JavaVirtualMachines/jdk1.8.0_161.jdk/Contents/Home/jre/lib/resources.jar:/Library/Java/JavaVirtualMachines/jdk1.8.0_161.jdk/Contents/Home/jre/lib/rt.jar:/Library/Java/JavaVirtualMachines/jdk1.8.0_161.jdk/Contents/Home/lib/ant-javafx.jar:/Library/Java/JavaVirtualMachines/jdk1.8.0_161.jdk/Contents/Home/lib/dt.jar:/Library/Java/JavaVirtualMachines/jdk1.8.0_161.jdk/Contents/Home/lib/javafx-mx.jar:/Library/Java/JavaVirtualMachines/jdk1.8.0_161.jdk/Contents/Home/lib/jconsole.jar:/Library/Java/JavaVirtualMachines/jdk1.8.0_161.jdk/Contents/Home/lib/packager.jar:/Library/Java/JavaVirtualMachines/jdk1.8.0_161.jdk/Contents/Home/lib/sa-jdi.jar:/Library/Java/JavaVirtualMachines/jdk1.8.0_161.jdk/Contents/Home/lib/tools.jar:/Users/shushoufu/Desktop/document/java_test/kafkademo/target/classes:/Users/shushoufu/.m2/repository/org/apache/kafka/kafka-clients/0.8.2.1/kafka-clients-0.8.2.1.jar:/Users/shushoufu/.m2/repository/org/slf4j/slf4j-api/1.7.6/slf4j-api-1.7.6.jar:/Users/shushoufu/.m2/repository/net/jpountz/lz4/lz4/1.2.0/lz4-1.2.0.jar:/Users/shushoufu/.m2/repository/org/xerial/snappy/snappy-java/1.1.1.6/snappy-java-1.1.1.6.jar:/Users/shushoufu/.m2/repository/org/apache/kafka/kafka_2.10/0.8.2.1/kafka_2.10-0.8.2.1.jar:/Users/shushoufu/.m2/repository/com/yammer/metrics/metrics-core/2.2.0/metrics-core-2.2.0.jar:/Users/shushoufu/.m2/repository/org/scala-lang/scala-library/2.10.4/scala-library-2.10.4.jar:/Users/shushoufu/.m2/repository/org/apache/zookeeper/zookeeper/3.4.6/zookeeper-3.4.6.jar:/Users/shushoufu/.m2/repository/org/slf4j/slf4j-log4j12/1.6.1/slf4j-log4j12-1.6.1.jar:/Users/shushoufu/.m2/repository/log4j/log4j/1.2.16/log4j-1.2.16.jar:/Users/shushoufu/.m2/repository/jline/jline/0.9.94/jline-0.9.94.jar:/Users/shushoufu/.m2/repository/junit/junit/3.8.1/junit-3.8.1.jar:/Users/shushoufu/.m2/repository/io/netty/netty/3.7.0.Final/netty-3.7.0.Final.jar:/Users/shushoufu/.m2/repository/net/sf/jopt-simple/jopt-simple/3.2/jopt-simple-3.2.jar:/Users/shushoufu/.m2/repository/com/101tec/zkclient/0.3/zkclient-0.3.jar:/Applications/IntelliJ IDEA.app/Contents/lib/idea_rt.jar:/Users/shushoufu/Library/Caches/IntelliJIdea2017.3/captureAgent/debugger-agent.jar
  2019-04-30 16:54:41  [ main:228 ] - [ INFO ]  Client environment:java.library.path=/Users/shushoufu/Library/Java/Extensions:/Library/Java/Extensions:/Network/Library/Java/Extensions:/System/Library/Java/Extensions:/usr/lib/java:.
  2019-04-30 16:54:41  [ main:229 ] - [ INFO ]  Client environment:java.io.tmpdir=/var/folders/53/rr8z2m6j5j1fzg1x_9f4wqc80000gn/T/
  2019-04-30 16:54:41  [ main:229 ] - [ INFO ]  Client environment:java.compiler=<NA>
  2019-04-30 16:54:41  [ main:229 ] - [ INFO ]  Client environment:os.name=Mac OS X
  2019-04-30 16:54:41  [ main:232 ] - [ INFO ]  Client environment:os.arch=x86_64
  2019-04-30 16:54:41  [ main:232 ] - [ INFO ]  Client environment:os.version=10.14.3
  2019-04-30 16:54:41  [ main:232 ] - [ INFO ]  Client environment:user.name=shushoufu
  2019-04-30 16:54:41  [ main:233 ] - [ INFO ]  Client environment:user.home=/Users/shushoufu
  2019-04-30 16:54:41  [ main:233 ] - [ INFO ]  Client environment:user.dir=/Users/shushoufu/Desktop/document/java_test
  2019-04-30 16:54:41  [ main:234 ] - [ INFO ]  Initiating client connection, connectString=www.boboc.club:2181,www.boboc.club:2181 sessionTimeout=60000 watcher=org.I0Itec.zkclient.ZkClient@73eb439a
  2019-04-30 16:54:42  [ main-SendThread(47.94.245.160:2181):1576 ] - [ INFO ]  Opening socket connection to server 47.94.245.160/47.94.245.160:2181. Will not attempt to authenticate using SASL (unknown error)
  2019-04-30 16:54:42  [ main-SendThread(47.94.245.160:2181):1715 ] - [ INFO ]  Socket connection established to 47.94.245.160/47.94.245.160:2181, initiating session
  2019-04-30 16:54:43  [ main-SendThread(47.94.245.160:2181):1783 ] - [ INFO ]  Session establishment complete on server 47.94.245.160/47.94.245.160:2181, sessionid = 0x100c8b65c760005, negotiated timeout = 60000
  2019-04-30 16:54:43  [ main-EventThread:1785 ] - [ INFO ]  zookeeper state changed (SyncConnected)
  2019-04-30 16:54:43  [ main:1798 ] - [ INFO ]  [test2_shusf.local-1556614481430-2a12399c], starting auto committer every 2000 ms
  2019-04-30 16:54:43  [ main:1841 ] - [ INFO ]  [test2_shusf.local-1556614481430-2a12399c], begin registering consumer test2_shusf.local-1556614481430-2a12399c in ZK
  2019-04-30 16:54:43  [ main:2235 ] - [ INFO ]  [test2_shusf.local-1556614481430-2a12399c], end registering consumer test2_shusf.local-1556614481430-2a12399c in ZK
  2019-04-30 16:54:43  [ test2_shusf.local-1556614481430-2a12399c_watcher_executor:2250 ] - [ INFO ]  [test2_shusf.local-1556614481430-2a12399c], starting watcher executor thread for consumer test2_shusf.local-1556614481430-2a12399c
  2019-04-30 16:54:43  [ main:2467 ] - [ INFO ]  [test2_shusf.local-1556614481430-2a12399c], begin rebalancing consumer test2_shusf.local-1556614481430-2a12399c try #0
  2019-04-30 16:54:44  [ main:3242 ] - [ INFO ]  [ConsumerFetcherManager-1556614483029] Stopping leader finder thread
  2019-04-30 16:54:44  [ main:3243 ] - [ INFO ]  [ConsumerFetcherManager-1556614483029] Stopping all fetchers
  2019-04-30 16:54:44  [ main:3245 ] - [ INFO ]  [ConsumerFetcherManager-1556614483029] All connections stopped
  2019-04-30 16:54:44  [ main:3247 ] - [ INFO ]  [test2_shusf.local-1556614481430-2a12399c], Cleared all relevant queues for this fetcher
  2019-04-30 16:54:44  [ main:3249 ] - [ INFO ]  [test2_shusf.local-1556614481430-2a12399c], Cleared the data chunks in all the consumer message iterators
  2019-04-30 16:54:44  [ main:3250 ] - [ INFO ]  [test2_shusf.local-1556614481430-2a12399c], Committing all offsets after clearing the fetcher queues
  2019-04-30 16:54:44  [ main:3253 ] - [ INFO ]  [test2_shusf.local-1556614481430-2a12399c], Releasing partition ownership
  2019-04-30 16:54:44  [ main:3572 ] - [ INFO ]  Consumer test2_shusf.local-1556614481430-2a12399c rebalancing the following partitions: ArrayBuffer(0) for topic test.waimai_lupin_parser with consumers: List(test2_shusf.local-1556614481430-2a12399c-0)
  2019-04-30 16:54:44  [ main:3575 ] - [ INFO ]  test2_shusf.local-1556614481430-2a12399c-0 attempting to claim partition 0
  2019-04-30 16:54:45  [ main:3958 ] - [ INFO ]  [test2_shusf.local-1556614481430-2a12399c], test2_shusf.local-1556614481430-2a12399c-0 successfully owned partition 0 for topic test.waimai_lupin_parser
  2019-04-30 16:54:45  [ main:3979 ] - [ INFO ]  [test2_shusf.local-1556614481430-2a12399c], Consumer test2_shusf.local-1556614481430-2a12399c selected partitions : test.waimai_lupin_parser:0: fetched offset = -1: consumed offset = -1
  2019-04-30 16:54:45  [ test2_shusf.local-1556614481430-2a12399c-leader-finder-thread:3981 ] - [ INFO ]  [test2_shusf.local-1556614481430-2a12399c-leader-finder-thread], Starting 
  2019-04-30 16:54:45  [ main:3982 ] - [ INFO ]  [test2_shusf.local-1556614481430-2a12399c], end rebalancing consumer test2_shusf.local-1556614481430-2a12399c try #0
  2019-04-30 16:54:45  [ test2_shusf.local-1556614481430-2a12399c-leader-finder-thread:4229 ] - [ INFO ]  Verifying properties
  2019-04-30 16:54:45  [ test2_shusf.local-1556614481430-2a12399c-leader-finder-thread:4229 ] - [ INFO ]  Property client.id is overridden to test2
  2019-04-30 16:54:45  [ test2_shusf.local-1556614481430-2a12399c-leader-finder-thread:4230 ] - [ INFO ]  Property metadata.broker.list is overridden to 47.94.245.160:9092,47.94.245.160:9092,47.94.245.160:9092
  2019-04-30 16:54:45  [ test2_shusf.local-1556614481430-2a12399c-leader-finder-thread:4230 ] - [ INFO ]  Property request.timeout.ms is overridden to 30000
  2019-04-30 16:54:45  [ test2_shusf.local-1556614481430-2a12399c-leader-finder-thread:4250 ] - [ INFO ]  Fetching metadata from broker id:1,host:47.94.245.160,port:9092 with correlation id 0 for 1 topic(s) Set(test.waimai_lupin_parser)
  2019-04-30 16:54:45  [ test2_shusf.local-1556614481430-2a12399c-leader-finder-thread:4321 ] - [ INFO ]  Connected to 47.94.245.160:9092 for producing
  2019-04-30 16:54:45  [ test2_shusf.local-1556614481430-2a12399c-leader-finder-thread:4404 ] - [ INFO ]  Disconnecting from 47.94.245.160:9092
  2019-04-30 16:54:45  [ ConsumerFetcherThread-test2_shusf.local-1556614481430-2a12399c-0-0:4425 ] - [ INFO ]  [ConsumerFetcherThread-test2_shusf.local-1556614481430-2a12399c-0-0], Starting 
  2019-04-30 16:54:45  [ test2_shusf.local-1556614481430-2a12399c-leader-finder-thread:4589 ] - [ INFO ]  [ConsumerFetcherManager-1556614483029] Added fetcher for partitions ArrayBuffer([[test.waimai_lupin_parser,0], initOffset -1 to broker id:0,host:47.94.245.160,port:9092] )
  2019-04-30 16:55:21  [ main:0 ] - [ INFO ]  ProducerConfig values: 
	acks = all
	batch.size = 16384
	bootstrap.servers = [www.boboc.club:9092, www.boboc.club:9093, www.boboc.club:9094]
	buffer.memory = 33554432
	client.dns.lookup = default
	client.id = 
	compression.type = none
	connections.max.idle.ms = 540000
	delivery.timeout.ms = 120000
	enable.idempotence = false
	interceptor.classes = []
	key.serializer = class org.apache.kafka.common.serialization.StringSerializer
	linger.ms = 0
	max.block.ms = 60000
	max.in.flight.requests.per.connection = 5
	max.request.size = 1048576
	metadata.max.age.ms = 300000
	metric.reporters = []
	metrics.num.samples = 2
	metrics.recording.level = INFO
	metrics.sample.window.ms = 30000
	partitioner.class = class org.apache.kafka.clients.producer.internals.DefaultPartitioner
	receive.buffer.bytes = 32768
	reconnect.backoff.max.ms = 1000
	reconnect.backoff.ms = 50
	request.timeout.ms = 30000
	retries = 2147483647
	retry.backoff.ms = 100
	sasl.client.callback.handler.class = null
	sasl.jaas.config = null
	sasl.kerberos.kinit.cmd = /usr/bin/kinit
	sasl.kerberos.min.time.before.relogin = 60000
	sasl.kerberos.service.name = null
	sasl.kerberos.ticket.renew.jitter = 0.05
	sasl.kerberos.ticket.renew.window.factor = 0.8
	sasl.login.callback.handler.class = null
	sasl.login.class = null
	sasl.login.refresh.buffer.seconds = 300
	sasl.login.refresh.min.period.seconds = 60
	sasl.login.refresh.window.factor = 0.8
	sasl.login.refresh.window.jitter = 0.05
	sasl.mechanism = GSSAPI
	security.protocol = PLAINTEXT
	send.buffer.bytes = 131072
	ssl.cipher.suites = null
	ssl.enabled.protocols = [TLSv1.2, TLSv1.1, TLSv1]
	ssl.endpoint.identification.algorithm = https
	ssl.key.password = null
	ssl.keymanager.algorithm = SunX509
	ssl.keystore.location = null
	ssl.keystore.password = null
	ssl.keystore.type = JKS
	ssl.protocol = TLS
	ssl.provider = null
	ssl.secure.random.implementation = null
	ssl.trustmanager.algorithm = PKIX
	ssl.truststore.location = null
	ssl.truststore.password = null
	ssl.truststore.type = JKS
	transaction.timeout.ms = 60000
	transactional.id = null
	value.serializer = class org.apache.kafka.common.serialization.StringSerializer

  2019-04-30 16:55:21  [ main:304 ] - [ INFO ]  Kafka version: 2.2.0
  2019-04-30 16:55:21  [ main:304 ] - [ INFO ]  Kafka commitId: 05fcfde8f69b0349
  2019-04-30 16:55:21  [ kafka-producer-network-thread | producer-1:765 ] - [ WARN ]  [Producer clientId=producer-1] Error while fetching metadata with correlation id 2 : {test.waimai_lupin_parser=LEADER_NOT_AVAILABLE}
  2019-04-30 16:55:22  [ kafka-producer-network-thread | producer-1:926 ] - [ INFO ]  Cluster ID: 0VtjZ_ZORdOnw42ccibRzA
  2019-04-30 16:55:58  [ main:0 ] - [ INFO ]  ProducerConfig values: 
	compression.type = gzip
	metric.reporters = []
	metadata.max.age.ms = 300000
	metadata.fetch.timeout.ms = 60000
	acks = 1
	batch.size = 163840
	reconnect.backoff.ms = 10
	bootstrap.servers = [47.94.245.160:9093, 47.94.245.160:9092, 47.94.245.160:9094]
	receive.buffer.bytes = 32768
	retry.backoff.ms = 100
	buffer.memory = 33554432
	timeout.ms = 10000
	key.serializer = class org.apache.kafka.common.serialization.StringSerializer
	retries = 3
	max.request.size = 2097152
	block.on.buffer.full = true
	value.serializer = class org.apache.kafka.common.serialization.StringSerializer
	metrics.sample.window.ms = 30000
	send.buffer.bytes = 131072
	max.in.flight.requests.per.connection = 5
	metrics.num.samples = 2
	linger.ms = 100
	client.id = 

  2019-04-30 17:06:28  [ main:0 ] - [ INFO ]  ProducerConfig values: 
	compression.type = gzip
	metric.reporters = []
	metadata.max.age.ms = 300000
	metadata.fetch.timeout.ms = 60000
	acks = 1
	batch.size = 163840
	reconnect.backoff.ms = 10
	bootstrap.servers = [47.94.245.160:9093, 47.94.245.160:9092, 47.94.245.160:9094]
	receive.buffer.bytes = 32768
	retry.backoff.ms = 100
	buffer.memory = 33554432
	timeout.ms = 10000
	key.serializer = class org.apache.kafka.common.serialization.StringSerializer
	retries = 3
	max.request.size = 2097152
	block.on.buffer.full = true
	value.serializer = class org.apache.kafka.common.serialization.StringSerializer
	metrics.sample.window.ms = 30000
	send.buffer.bytes = 131072
	max.in.flight.requests.per.connection = 5
	metrics.num.samples = 2
	linger.ms = 100
	client.id = 

  